00:34:51 **** Build of project tetris_test_bsp ****
make -k all 
cp -f microblaze_0/lib/libxil_init.a microblaze_0/lib/libxil.a
Running Make include in microblaze_0/libsrc/bram_v4_0/src
make -C microblaze_0/libsrc/bram_v4_0/src -s include -e "SHELL=/bin/sh" "COMPILER=mb-gcc" "ARCHIVER=mb-ar" "COMPILER_FLAGS= -O2 -c -mcpu=v9.3 -mlittle-endian -mxl-soft-mul" "EXTRA_COMPILER_FLAGS=-g -ffunction-sections -fdata-sections"
Running Make include in microblaze_0/libsrc/cpu_v2_0/src
make -C microblaze_0/libsrc/cpu_v2_0/src -s include -e "SHELL=/bin/sh" "COMPILER=mb-gcc" "ARCHIVER=mb-ar" "COMPILER_FLAGS= -O2 -c -mcpu=v9.3 -mlittle-endian -mxl-soft-mul" "EXTRA_COMPILER_FLAGS=-g -ffunction-sections -fdata-sections"
Running Make include in microblaze_0/libsrc/intc_v3_0/src
make -C microblaze_0/libsrc/intc_v3_0/src -s include -e "SHELL=/bin/sh" "COMPILER=mb-gcc" "ARCHIVER=mb-ar" "COMPILER_FLAGS= -O2 -c -mcpu=v9.3 -mlittle-endian -mxl-soft-mul" "EXTRA_COMPILER_FLAGS=-g -ffunction-sections -fdata-sections"
Running Make include in microblaze_0/libsrc/standalone_v4_0/src
make -C microblaze_0/libsrc/standalone_v4_0/src -s include -e "SHELL=/bin/sh" "COMPILER=mb-gcc" "ARCHIVER=mb-ar" "COMPILER_FLAGS= -O2 -c -mcpu=v9.3 -mlittle-endian -mxl-soft-mul" "EXTRA_COMPILER_FLAGS=-g -ffunction-sections -fdata-sections"
make[2]: Entering directory `/home/derek/Documents/year_4/ECE532/git/ece352/designs/tetris_test/tetris_test.sdk/SDK/SDK_Export/tetris_test_bsp/microblaze_0/libsrc/standalone_v4_0/src/profile'
cp -rf profile.h mblaze_nt_types.h _profile_timer_hw.h ../../../../include
make[2]: Leaving directory `/home/derek/Documents/year_4/ECE532/git/ece352/designs/tetris_test/tetris_test.sdk/SDK/SDK_Export/tetris_test_bsp/microblaze_0/libsrc/standalone_v4_0/src/profile'
Running Make include in microblaze_0/libsrc/uartlite_v3_0/src
make -C microblaze_0/libsrc/uartlite_v3_0/src -s include -e "SHELL=/bin/sh" "COMPILER=mb-gcc" "ARCHIVER=mb-ar" "COMPILER_FLAGS= -O2 -c -mcpu=v9.3 -mlittle-endian -mxl-soft-mul" "EXTRA_COMPILER_FLAGS=-g -ffunction-sections -fdata-sections"
Running Make libs in microblaze_0/libsrc/bram_v4_0/src
make -C microblaze_0/libsrc/bram_v4_0/src -s libs -e "SHELL=/bin/sh" "COMPILER=mb-gcc" "ARCHIVER=mb-ar" "COMPILER_FLAGS= -O2 -c -mcpu=v9.3 -mlittle-endian -mxl-soft-mul" "EXTRA_COMPILER_FLAGS=-g -ffunction-sections -fdata-sections"
Compiling bram
make[2]: Entering directory `/home/derek/Documents/year_4/ECE532/git/ece352/designs/tetris_test/tetris_test.sdk/SDK/SDK_Export/tetris_test_bsp/microblaze_0/libsrc/bram_v4_0/src'
rm -rf *.o 
make[2]: Leaving directory `/home/derek/Documents/year_4/ECE532/git/ece352/designs/tetris_test/tetris_test.sdk/SDK/SDK_Export/tetris_test_bsp/microblaze_0/libsrc/bram_v4_0/src'
Running Make libs in microblaze_0/libsrc/cpu_v2_0/src
make -C microblaze_0/libsrc/cpu_v2_0/src -s libs -e "SHELL=/bin/sh" "COMPILER=mb-gcc" "ARCHIVER=mb-ar" "COMPILER_FLAGS= -O2 -c -mcpu=v9.3 -mlittle-endian -mxl-soft-mul" "EXTRA_COMPILER_FLAGS=-g -ffunction-sections -fdata-sections"
Compiling cpu
make[2]: Entering directory `/home/derek/Documents/year_4/ECE532/git/ece352/designs/tetris_test/tetris_test.sdk/SDK/SDK_Export/tetris_test_bsp/microblaze_0/libsrc/cpu_v2_0/src'
rm -rf *.o
make[2]: Leaving directory `/home/derek/Documents/year_4/ECE532/git/ece352/designs/tetris_test/tetris_test.sdk/SDK/SDK_Export/tetris_test_bsp/microblaze_0/libsrc/cpu_v2_0/src'
Running Make libs in microblaze_0/libsrc/intc_v3_0/src
make -C microblaze_0/libsrc/intc_v3_0/src -s libs -e "SHELL=/bin/sh" "COMPILER=mb-gcc" "ARCHIVER=mb-ar" "COMPILER_FLAGS= -O2 -c -mcpu=v9.3 -mlittle-endian -mxl-soft-mul" "EXTRA_COMPILER_FLAGS=-g -ffunction-sections -fdata-sections"
Compiling intc
make[2]: Entering directory `/home/derek/Documents/year_4/ECE532/git/ece352/designs/tetris_test/tetris_test.sdk/SDK/SDK_Export/tetris_test_bsp/microblaze_0/libsrc/intc_v3_0/src'
rm -rf *.o 
make[2]: Leaving directory `/home/derek/Documents/year_4/ECE532/git/ece352/designs/tetris_test/tetris_test.sdk/SDK/SDK_Export/tetris_test_bsp/microblaze_0/libsrc/intc_v3_0/src'
Running Make libs in microblaze_0/libsrc/standalone_v4_0/src
make -C microblaze_0/libsrc/standalone_v4_0/src -s libs -e "SHELL=/bin/sh" "COMPILER=mb-gcc" "ARCHIVER=mb-ar" "COMPILER_FLAGS= -O2 -c -mcpu=v9.3 -mlittle-endian -mxl-soft-mul" "EXTRA_COMPILER_FLAGS=-g -ffunction-sections -fdata-sections"
Compiling standalone
Running Make libs in microblaze_0/libsrc/uartlite_v3_0/src
make -C microblaze_0/libsrc/uartlite_v3_0/src -s libs -e "SHELL=/bin/sh" "COMPILER=mb-gcc" "ARCHIVER=mb-ar" "COMPILER_FLAGS= -O2 -c -mcpu=v9.3 -mlittle-endian -mxl-soft-mul" "EXTRA_COMPILER_FLAGS=-g -ffunction-sections -fdata-sections"
Compiling uartlite
make[2]: Entering directory `/home/derek/Documents/year_4/ECE532/git/ece352/designs/tetris_test/tetris_test.sdk/SDK/SDK_Export/tetris_test_bsp/microblaze_0/libsrc/uartlite_v3_0/src'
rm -rf *.o 
make[2]: Leaving directory `/home/derek/Documents/year_4/ECE532/git/ece352/designs/tetris_test/tetris_test.sdk/SDK/SDK_Export/tetris_test_bsp/microblaze_0/libsrc/uartlite_v3_0/src'
Finished building libraries
00:34:53 **** Build of configuration Debug for project tetris_test ****
make all 
Building file: ../src/helloworld.c
Invoking: MicroBlaze gcc compiler
mb-gcc -Wall -O0 -g3 -c -fmessage-length=0 -I../../tetris_test_bsp/microblaze_0/include -mlittle-endian -mcpu=v9.3 -mxl-soft-mul -Wl,--no-relax -ffunction-sections -fdata-sections -MMD -MP -MF"src/helloworld.d" -MT"src/helloworld.d" -o "src/helloworld.o" "../src/helloworld.c"
Finished building: ../src/helloworld.c
 
Building file: ../src/platform.c
Invoking: MicroBlaze gcc compiler
mb-gcc -Wall -O0 -g3 -c -fmessage-length=0 -I../../tetris_test_bsp/microblaze_0/include -mlittle-endian -mcpu=v9.3 -mxl-soft-mul -Wl,--no-relax -ffunction-sections -fdata-sections -MMD -MP -MF"src/platform.d" -MT"src/platform.d" -o "src/platform.o" "../src/platform.c"
Finished building: ../src/platform.c
 
Building target: tetris_test.elf
Invoking: MicroBlaze gcc linker
mb-gcc -Wl,-T -Wl,../src/lscript.ld -L../../tetris_test_bsp/microblaze_0/lib -mlittle-endian -mcpu=v9.3 -mxl-soft-mul -Wl,--no-relax -Wl,--gc-sections -o "tetris_test.elf"  ./src/helloworld.o ./src/platform.o   -Wl,--start-group,-lxil,-lgcc,-lc,--end-group
Finished building target: tetris_test.elf
 
Invoking: MicroBlaze Print Size
mb-size tetris_test.elf  |tee "tetris_test.elf.size"
   text	   data	    bss	    dec	    hex	filename
   2652	    308	   2088	   5048	   13b8	tetris_test.elf
Finished building: tetris_test.elf.size
 
00:35:38 **** Incremental Build of configuration Debug for project tetris_test ****
make all 
make: Nothing to be done for `all'.
00:37:52 **** Incremental Build of configuration Debug for project tetris_test ****
make all 
make: Nothing to be done for `all'.
00:38:58 **** Build of project tetris_test_bsp ****
make -k all 
Running Make include in microblaze_0/libsrc/bram_v4_0/src
make -C microblaze_0/libsrc/bram_v4_0/src -s include -e "SHELL=/bin/sh" "COMPILER=mb-gcc" "ARCHIVER=mb-ar" "COMPILER_FLAGS= -O2 -c -mcpu=v9.3 -mlittle-endian -mxl-soft-mul" "EXTRA_COMPILER_FLAGS=-g -ffunction-sections -fdata-sections"
Running Make include in microblaze_0/libsrc/cpu_v2_0/src
make -C microblaze_0/libsrc/cpu_v2_0/src -s include -e "SHELL=/bin/sh" "COMPILER=mb-gcc" "ARCHIVER=mb-ar" "COMPILER_FLAGS= -O2 -c -mcpu=v9.3 -mlittle-endian -mxl-soft-mul" "EXTRA_COMPILER_FLAGS=-g -ffunction-sections -fdata-sections"
Running Make include in microblaze_0/libsrc/intc_v3_0/src
make -C microblaze_0/libsrc/intc_v3_0/src -s include -e "SHELL=/bin/sh" "COMPILER=mb-gcc" "ARCHIVER=mb-ar" "COMPILER_FLAGS= -O2 -c -mcpu=v9.3 -mlittle-endian -mxl-soft-mul" "EXTRA_COMPILER_FLAGS=-g -ffunction-sections -fdata-sections"
Running Make include in microblaze_0/libsrc/standalone_v4_0/src
make -C microblaze_0/libsrc/standalone_v4_0/src -s include -e "SHELL=/bin/sh" "COMPILER=mb-gcc" "ARCHIVER=mb-ar" "COMPILER_FLAGS= -O2 -c -mcpu=v9.3 -mlittle-endian -mxl-soft-mul" "EXTRA_COMPILER_FLAGS=-g -ffunction-sections -fdata-sections"
make[2]: Entering directory `/home/derek/Documents/year_4/ECE532/git/ece352/designs/tetris_test/tetris_test.sdk/SDK/SDK_Export/tetris_test_bsp/microblaze_0/libsrc/standalone_v4_0/src/profile'
cp -rf profile.h mblaze_nt_types.h _profile_timer_hw.h ../../../../include
make[2]: Leaving directory `/home/derek/Documents/year_4/ECE532/git/ece352/designs/tetris_test/tetris_test.sdk/SDK/SDK_Export/tetris_test_bsp/microblaze_0/libsrc/standalone_v4_0/src/profile'
Running Make include in microblaze_0/libsrc/uartlite_v3_0/src
make -C microblaze_0/libsrc/uartlite_v3_0/src -s include -e "SHELL=/bin/sh" "COMPILER=mb-gcc" "ARCHIVER=mb-ar" "COMPILER_FLAGS= -O2 -c -mcpu=v9.3 -mlittle-endian -mxl-soft-mul" "EXTRA_COMPILER_FLAGS=-g -ffunction-sections -fdata-sections"
Running Make libs in microblaze_0/libsrc/bram_v4_0/src
make -C microblaze_0/libsrc/bram_v4_0/src -s libs -e "SHELL=/bin/sh" "COMPILER=mb-gcc" "ARCHIVER=mb-ar" "COMPILER_FLAGS= -O2 -c -mcpu=v9.3 -mlittle-endian -mxl-soft-mul" "EXTRA_COMPILER_FLAGS=-g -ffunction-sections -fdata-sections"
Compiling bram
make[2]: Entering directory `/home/derek/Documents/year_4/ECE532/git/ece352/designs/tetris_test/tetris_test.sdk/SDK/SDK_Export/tetris_test_bsp/microblaze_0/libsrc/bram_v4_0/src'
rm -rf *.o 
make[2]: Leaving directory `/home/derek/Documents/year_4/ECE532/git/ece352/designs/tetris_test/tetris_test.sdk/SDK/SDK_Export/tetris_test_bsp/microblaze_0/libsrc/bram_v4_0/src'
Running Make libs in microblaze_0/libsrc/cpu_v2_0/src
make -C microblaze_0/libsrc/cpu_v2_0/src -s libs -e "SHELL=/bin/sh" "COMPILER=mb-gcc" "ARCHIVER=mb-ar" "COMPILER_FLAGS= -O2 -c -mcpu=v9.3 -mlittle-endian -mxl-soft-mul" "EXTRA_COMPILER_FLAGS=-g -ffunction-sections -fdata-sections"
Compiling cpu
make[2]: Entering directory `/home/derek/Documents/year_4/ECE532/git/ece352/designs/tetris_test/tetris_test.sdk/SDK/SDK_Export/tetris_test_bsp/microblaze_0/libsrc/cpu_v2_0/src'
rm -rf *.o
make[2]: Leaving directory `/home/derek/Documents/year_4/ECE532/git/ece352/designs/tetris_test/tetris_test.sdk/SDK/SDK_Export/tetris_test_bsp/microblaze_0/libsrc/cpu_v2_0/src'
Running Make libs in microblaze_0/libsrc/intc_v3_0/src
make -C microblaze_0/libsrc/intc_v3_0/src -s libs -e "SHELL=/bin/sh" "COMPILER=mb-gcc" "ARCHIVER=mb-ar" "COMPILER_FLAGS= -O2 -c -mcpu=v9.3 -mlittle-endian -mxl-soft-mul" "EXTRA_COMPILER_FLAGS=-g -ffunction-sections -fdata-sections"
Compiling intc
make[2]: Entering directory `/home/derek/Documents/year_4/ECE532/git/ece352/designs/tetris_test/tetris_test.sdk/SDK/SDK_Export/tetris_test_bsp/microblaze_0/libsrc/intc_v3_0/src'
rm -rf *.o 
make[2]: Leaving directory `/home/derek/Documents/year_4/ECE532/git/ece352/designs/tetris_test/tetris_test.sdk/SDK/SDK_Export/tetris_test_bsp/microblaze_0/libsrc/intc_v3_0/src'
Running Make libs in microblaze_0/libsrc/standalone_v4_0/src
make -C microblaze_0/libsrc/standalone_v4_0/src -s libs -e "SHELL=/bin/sh" "COMPILER=mb-gcc" "ARCHIVER=mb-ar" "COMPILER_FLAGS= -O2 -c -mcpu=v9.3 -mlittle-endian -mxl-soft-mul" "EXTRA_COMPILER_FLAGS=-g -ffunction-sections -fdata-sections"
Compiling standalone
Running Make libs in microblaze_0/libsrc/uartlite_v3_0/src
make -C microblaze_0/libsrc/uartlite_v3_0/src -s libs -e "SHELL=/bin/sh" "COMPILER=mb-gcc" "ARCHIVER=mb-ar" "COMPILER_FLAGS= -O2 -c -mcpu=v9.3 -mlittle-endian -mxl-soft-mul" "EXTRA_COMPILER_FLAGS=-g -ffunction-sections -fdata-sections"
Compiling uartlite
make[2]: Entering directory `/home/derek/Documents/year_4/ECE532/git/ece352/designs/tetris_test/tetris_test.sdk/SDK/SDK_Export/tetris_test_bsp/microblaze_0/libsrc/uartlite_v3_0/src'
rm -rf *.o 
make[2]: Leaving directory `/home/derek/Documents/year_4/ECE532/git/ece352/designs/tetris_test/tetris_test.sdk/SDK/SDK_Export/tetris_test_bsp/microblaze_0/libsrc/uartlite_v3_0/src'
Finished building libraries
00:39:00 **** Build of configuration Debug for project tetris_test ****
make all 
make: Nothing to be done for `all'.
00:39:36 **** Incremental Build of configuration Debug for project tetris_test ****
make all 
make: Nothing to be done for `all'.
00:42:27 **** Build of project tetris_test_bsp ****
make -k all 
Running Make include in microblaze_0/libsrc/bram_v4_0/src
make -C microblaze_0/libsrc/bram_v4_0/src -s include -e "SHELL=/bin/sh" "COMPILER=mb-gcc" "ARCHIVER=mb-ar" "COMPILER_FLAGS= -O2 -c -mcpu=v9.3 -mlittle-endian -mxl-soft-mul" "EXTRA_COMPILER_FLAGS=-g -ffunction-sections -fdata-sections"
Running Make include in microblaze_0/libsrc/cpu_v2_0/src
make -C microblaze_0/libsrc/cpu_v2_0/src -s include -e "SHELL=/bin/sh" "COMPILER=mb-gcc" "ARCHIVER=mb-ar" "COMPILER_FLAGS= -O2 -c -mcpu=v9.3 -mlittle-endian -mxl-soft-mul" "EXTRA_COMPILER_FLAGS=-g -ffunction-sections -fdata-sections"
Running Make include in microblaze_0/libsrc/intc_v3_0/src
make -C microblaze_0/libsrc/intc_v3_0/src -s include -e "SHELL=/bin/sh" "COMPILER=mb-gcc" "ARCHIVER=mb-ar" "COMPILER_FLAGS= -O2 -c -mcpu=v9.3 -mlittle-endian -mxl-soft-mul" "EXTRA_COMPILER_FLAGS=-g -ffunction-sections -fdata-sections"
Running Make include in microblaze_0/libsrc/standalone_v4_0/src
make -C microblaze_0/libsrc/standalone_v4_0/src -s include -e "SHELL=/bin/sh" "COMPILER=mb-gcc" "ARCHIVER=mb-ar" "COMPILER_FLAGS= -O2 -c -mcpu=v9.3 -mlittle-endian -mxl-soft-mul" "EXTRA_COMPILER_FLAGS=-g -ffunction-sections -fdata-sections"
make[2]: Entering directory `/home/derek/Documents/year_4/ECE532/git/ece352/designs/tetris_test/tetris_test.sdk/SDK/SDK_Export/tetris_test_bsp/microblaze_0/libsrc/standalone_v4_0/src/profile'
cp -rf profile.h mblaze_nt_types.h _profile_timer_hw.h ../../../../include
make[2]: Leaving directory `/home/derek/Documents/year_4/ECE532/git/ece352/designs/tetris_test/tetris_test.sdk/SDK/SDK_Export/tetris_test_bsp/microblaze_0/libsrc/standalone_v4_0/src/profile'
Running Make include in microblaze_0/libsrc/uartlite_v3_0/src
make -C microblaze_0/libsrc/uartlite_v3_0/src -s include -e "SHELL=/bin/sh" "COMPILER=mb-gcc" "ARCHIVER=mb-ar" "COMPILER_FLAGS= -O2 -c -mcpu=v9.3 -mlittle-endian -mxl-soft-mul" "EXTRA_COMPILER_FLAGS=-g -ffunction-sections -fdata-sections"
Running Make libs in microblaze_0/libsrc/bram_v4_0/src
make -C microblaze_0/libsrc/bram_v4_0/src -s libs -e "SHELL=/bin/sh" "COMPILER=mb-gcc" "ARCHIVER=mb-ar" "COMPILER_FLAGS= -O2 -c -mcpu=v9.3 -mlittle-endian -mxl-soft-mul" "EXTRA_COMPILER_FLAGS=-g -ffunction-sections -fdata-sections"
Compiling bram
make[2]: Entering directory `/home/derek/Documents/year_4/ECE532/git/ece352/designs/tetris_test/tetris_test.sdk/SDK/SDK_Export/tetris_test_bsp/microblaze_0/libsrc/bram_v4_0/src'
rm -rf *.o 
make[2]: Leaving directory `/home/derek/Documents/year_4/ECE532/git/ece352/designs/tetris_test/tetris_test.sdk/SDK/SDK_Export/tetris_test_bsp/microblaze_0/libsrc/bram_v4_0/src'
Running Make libs in microblaze_0/libsrc/cpu_v2_0/src
make -C microblaze_0/libsrc/cpu_v2_0/src -s libs -e "SHELL=/bin/sh" "COMPILER=mb-gcc" "ARCHIVER=mb-ar" "COMPILER_FLAGS= -O2 -c -mcpu=v9.3 -mlittle-endian -mxl-soft-mul" "EXTRA_COMPILER_FLAGS=-g -ffunction-sections -fdata-sections"
Compiling cpu
make[2]: Entering directory `/home/derek/Documents/year_4/ECE532/git/ece352/designs/tetris_test/tetris_test.sdk/SDK/SDK_Export/tetris_test_bsp/microblaze_0/libsrc/cpu_v2_0/src'
rm -rf *.o
make[2]: Leaving directory `/home/derek/Documents/year_4/ECE532/git/ece352/designs/tetris_test/tetris_test.sdk/SDK/SDK_Export/tetris_test_bsp/microblaze_0/libsrc/cpu_v2_0/src'
Running Make libs in microblaze_0/libsrc/intc_v3_0/src
make -C microblaze_0/libsrc/intc_v3_0/src -s libs -e "SHELL=/bin/sh" "COMPILER=mb-gcc" "ARCHIVER=mb-ar" "COMPILER_FLAGS= -O2 -c -mcpu=v9.3 -mlittle-endian -mxl-soft-mul" "EXTRA_COMPILER_FLAGS=-g -ffunction-sections -fdata-sections"
Compiling intc
make[2]: Entering directory `/home/derek/Documents/year_4/ECE532/git/ece352/designs/tetris_test/tetris_test.sdk/SDK/SDK_Export/tetris_test_bsp/microblaze_0/libsrc/intc_v3_0/src'
rm -rf *.o 
make[2]: Leaving directory `/home/derek/Documents/year_4/ECE532/git/ece352/designs/tetris_test/tetris_test.sdk/SDK/SDK_Export/tetris_test_bsp/microblaze_0/libsrc/intc_v3_0/src'
Running Make libs in microblaze_0/libsrc/standalone_v4_0/src
make -C microblaze_0/libsrc/standalone_v4_0/src -s libs -e "SHELL=/bin/sh" "COMPILER=mb-gcc" "ARCHIVER=mb-ar" "COMPILER_FLAGS= -O2 -c -mcpu=v9.3 -mlittle-endian -mxl-soft-mul" "EXTRA_COMPILER_FLAGS=-g -ffunction-sections -fdata-sections"
Compiling standalone
Running Make libs in microblaze_0/libsrc/uartlite_v3_0/src
make -C microblaze_0/libsrc/uartlite_v3_0/src -s libs -e "SHELL=/bin/sh" "COMPILER=mb-gcc" "ARCHIVER=mb-ar" "COMPILER_FLAGS= -O2 -c -mcpu=v9.3 -mlittle-endian -mxl-soft-mul" "EXTRA_COMPILER_FLAGS=-g -ffunction-sections -fdata-sections"
Compiling uartlite
make[2]: Entering directory `/home/derek/Documents/year_4/ECE532/git/ece352/designs/tetris_test/tetris_test.sdk/SDK/SDK_Export/tetris_test_bsp/microblaze_0/libsrc/uartlite_v3_0/src'
rm -rf *.o 
make[2]: Leaving directory `/home/derek/Documents/year_4/ECE532/git/ece352/designs/tetris_test/tetris_test.sdk/SDK/SDK_Export/tetris_test_bsp/microblaze_0/libsrc/uartlite_v3_0/src'
Finished building libraries
00:42:29 **** Build of configuration Debug for project tetris_test ****
make all 
make: Nothing to be done for `all'.
00:42:30 **** Auto Build of project tetris_test_bsp ****
make -k all 
Running Make include in microblaze_0/libsrc/bram_v4_0/src
make -C microblaze_0/libsrc/bram_v4_0/src -s include -e "SHELL=/bin/sh" "COMPILER=mb-gcc" "ARCHIVER=mb-ar" "COMPILER_FLAGS= -O2 -c -mcpu=v9.3 -mlittle-endian -mxl-soft-mul" "EXTRA_COMPILER_FLAGS=-g -ffunction-sections -fdata-sections"
Running Make include in microblaze_0/libsrc/cpu_v2_0/src
make -C microblaze_0/libsrc/cpu_v2_0/src -s include -e "SHELL=/bin/sh" "COMPILER=mb-gcc" "ARCHIVER=mb-ar" "COMPILER_FLAGS= -O2 -c -mcpu=v9.3 -mlittle-endian -mxl-soft-mul" "EXTRA_COMPILER_FLAGS=-g -ffunction-sections -fdata-sections"
Running Make include in microblaze_0/libsrc/intc_v3_0/src
make -C microblaze_0/libsrc/intc_v3_0/src -s include -e "SHELL=/bin/sh" "COMPILER=mb-gcc" "ARCHIVER=mb-ar" "COMPILER_FLAGS= -O2 -c -mcpu=v9.3 -mlittle-endian -mxl-soft-mul" "EXTRA_COMPILER_FLAGS=-g -ffunction-sections -fdata-sections"
Running Make include in microblaze_0/libsrc/standalone_v4_0/src
make -C microblaze_0/libsrc/standalone_v4_0/src -s include -e "SHELL=/bin/sh" "COMPILER=mb-gcc" "ARCHIVER=mb-ar" "COMPILER_FLAGS= -O2 -c -mcpu=v9.3 -mlittle-endian -mxl-soft-mul" "EXTRA_COMPILER_FLAGS=-g -ffunction-sections -fdata-sections"
make[2]: Entering directory `/home/derek/Documents/year_4/ECE532/git/ece352/designs/tetris_test/tetris_test.sdk/SDK/SDK_Export/tetris_test_bsp/microblaze_0/libsrc/standalone_v4_0/src/profile'
cp -rf profile.h mblaze_nt_types.h _profile_timer_hw.h ../../../../include
make[2]: Leaving directory `/home/derek/Documents/year_4/ECE532/git/ece352/designs/tetris_test/tetris_test.sdk/SDK/SDK_Export/tetris_test_bsp/microblaze_0/libsrc/standalone_v4_0/src/profile'
Running Make include in microblaze_0/libsrc/uartlite_v3_0/src
make -C microblaze_0/libsrc/uartlite_v3_0/src -s include -e "SHELL=/bin/sh" "COMPILER=mb-gcc" "ARCHIVER=mb-ar" "COMPILER_FLAGS= -O2 -c -mcpu=v9.3 -mlittle-endian -mxl-soft-mul" "EXTRA_COMPILER_FLAGS=-g -ffunction-sections -fdata-sections"
Running Make libs in microblaze_0/libsrc/bram_v4_0/src
make -C microblaze_0/libsrc/bram_v4_0/src -s libs -e "SHELL=/bin/sh" "COMPILER=mb-gcc" "ARCHIVER=mb-ar" "COMPILER_FLAGS= -O2 -c -mcpu=v9.3 -mlittle-endian -mxl-soft-mul" "EXTRA_COMPILER_FLAGS=-g -ffunction-sections -fdata-sections"
Compiling bram
make[2]: Entering directory `/home/derek/Documents/year_4/ECE532/git/ece352/designs/tetris_test/tetris_test.sdk/SDK/SDK_Export/tetris_test_bsp/microblaze_0/libsrc/bram_v4_0/src'
rm -rf *.o 
make[2]: Leaving directory `/home/derek/Documents/year_4/ECE532/git/ece352/designs/tetris_test/tetris_test.sdk/SDK/SDK_Export/tetris_test_bsp/microblaze_0/libsrc/bram_v4_0/src'
Running Make libs in microblaze_0/libsrc/cpu_v2_0/src
make -C microblaze_0/libsrc/cpu_v2_0/src -s libs -e "SHELL=/bin/sh" "COMPILER=mb-gcc" "ARCHIVER=mb-ar" "COMPILER_FLAGS= -O2 -c -mcpu=v9.3 -mlittle-endian -mxl-soft-mul" "EXTRA_COMPILER_FLAGS=-g -ffunction-sections -fdata-sections"
Compiling cpu
make[2]: Entering directory `/home/derek/Documents/year_4/ECE532/git/ece352/designs/tetris_test/tetris_test.sdk/SDK/SDK_Export/tetris_test_bsp/microblaze_0/libsrc/cpu_v2_0/src'
rm -rf *.o
make[2]: Leaving directory `/home/derek/Documents/year_4/ECE532/git/ece352/designs/tetris_test/tetris_test.sdk/SDK/SDK_Export/tetris_test_bsp/microblaze_0/libsrc/cpu_v2_0/src'
Running Make libs in microblaze_0/libsrc/intc_v3_0/src
make -C microblaze_0/libsrc/intc_v3_0/src -s libs -e "SHELL=/bin/sh" "COMPILER=mb-gcc" "ARCHIVER=mb-ar" "COMPILER_FLAGS= -O2 -c -mcpu=v9.3 -mlittle-endian -mxl-soft-mul" "EXTRA_COMPILER_FLAGS=-g -ffunction-sections -fdata-sections"
Compiling intc
make[2]: Entering directory `/home/derek/Documents/year_4/ECE532/git/ece352/designs/tetris_test/tetris_test.sdk/SDK/SDK_Export/tetris_test_bsp/microblaze_0/libsrc/intc_v3_0/src'
rm -rf *.o 
make[2]: Leaving directory `/home/derek/Documents/year_4/ECE532/git/ece352/designs/tetris_test/tetris_test.sdk/SDK/SDK_Export/tetris_test_bsp/microblaze_0/libsrc/intc_v3_0/src'
Running Make libs in microblaze_0/libsrc/standalone_v4_0/src
make -C microblaze_0/libsrc/standalone_v4_0/src -s libs -e "SHELL=/bin/sh" "COMPILER=mb-gcc" "ARCHIVER=mb-ar" "COMPILER_FLAGS= -O2 -c -mcpu=v9.3 -mlittle-endian -mxl-soft-mul" "EXTRA_COMPILER_FLAGS=-g -ffunction-sections -fdata-sections"
Compiling standalone
Running Make libs in microblaze_0/libsrc/uartlite_v3_0/src
make -C microblaze_0/libsrc/uartlite_v3_0/src -s libs -e "SHELL=/bin/sh" "COMPILER=mb-gcc" "ARCHIVER=mb-ar" "COMPILER_FLAGS= -O2 -c -mcpu=v9.3 -mlittle-endian -mxl-soft-mul" "EXTRA_COMPILER_FLAGS=-g -ffunction-sections -fdata-sections"
Compiling uartlite
make[2]: Entering directory `/home/derek/Documents/year_4/ECE532/git/ece352/designs/tetris_test/tetris_test.sdk/SDK/SDK_Export/tetris_test_bsp/microblaze_0/libsrc/uartlite_v3_0/src'
rm -rf *.o 
make[2]: Leaving directory `/home/derek/Documents/year_4/ECE532/git/ece352/designs/tetris_test/tetris_test.sdk/SDK/SDK_Export/tetris_test_bsp/microblaze_0/libsrc/uartlite_v3_0/src'
Finished building libraries
00:42:33 **** Auto Build of configuration Debug for project tetris_test ****
make all 
make: Nothing to be done for `all'.
00:42:35 **** Clean-only build of project tetris_test_bsp ****
make -k clean 
rm -f microblaze_0/lib/libxil.a
00:42:35 **** Clean-only build of configuration Debug for project tetris_test ****
make clean 
rm -rf  ./src/helloworld.o ./src/platform.o  ./src/helloworld.d ./src/platform.d  tetris_test.elf.size  tetris_test.elf
 
00:42:35 **** Build of project tetris_test_bsp ****
make -k all 
cp -f microblaze_0/lib/libxil_init.a microblaze_0/lib/libxil.a
Running Make include in microblaze_0/libsrc/bram_v4_0/src
make -C microblaze_0/libsrc/bram_v4_0/src -s include -e "SHELL=/bin/sh" "COMPILER=mb-gcc" "ARCHIVER=mb-ar" "COMPILER_FLAGS= -O2 -c -mcpu=v9.3 -mlittle-endian -mxl-soft-mul" "EXTRA_COMPILER_FLAGS=-g -ffunction-sections -fdata-sections"
Running Make include in microblaze_0/libsrc/cpu_v2_0/src
make -C microblaze_0/libsrc/cpu_v2_0/src -s include -e "SHELL=/bin/sh" "COMPILER=mb-gcc" "ARCHIVER=mb-ar" "COMPILER_FLAGS= -O2 -c -mcpu=v9.3 -mlittle-endian -mxl-soft-mul" "EXTRA_COMPILER_FLAGS=-g -ffunction-sections -fdata-sections"
Running Make include in microblaze_0/libsrc/intc_v3_0/src
make -C microblaze_0/libsrc/intc_v3_0/src -s include -e "SHELL=/bin/sh" "COMPILER=mb-gcc" "ARCHIVER=mb-ar" "COMPILER_FLAGS= -O2 -c -mcpu=v9.3 -mlittle-endian -mxl-soft-mul" "EXTRA_COMPILER_FLAGS=-g -ffunction-sections -fdata-sections"
Running Make include in microblaze_0/libsrc/standalone_v4_0/src
make -C microblaze_0/libsrc/standalone_v4_0/src -s include -e "SHELL=/bin/sh" "COMPILER=mb-gcc" "ARCHIVER=mb-ar" "COMPILER_FLAGS= -O2 -c -mcpu=v9.3 -mlittle-endian -mxl-soft-mul" "EXTRA_COMPILER_FLAGS=-g -ffunction-sections -fdata-sections"
make[2]: Entering directory `/home/derek/Documents/year_4/ECE532/git/ece352/designs/tetris_test/tetris_test.sdk/SDK/SDK_Export/tetris_test_bsp/microblaze_0/libsrc/standalone_v4_0/src/profile'
cp -rf profile.h mblaze_nt_types.h _profile_timer_hw.h ../../../../include
make[2]: Leaving directory `/home/derek/Documents/year_4/ECE532/git/ece352/designs/tetris_test/tetris_test.sdk/SDK/SDK_Export/tetris_test_bsp/microblaze_0/libsrc/standalone_v4_0/src/profile'
Running Make include in microblaze_0/libsrc/uartlite_v3_0/src
make -C microblaze_0/libsrc/uartlite_v3_0/src -s include -e "SHELL=/bin/sh" "COMPILER=mb-gcc" "ARCHIVER=mb-ar" "COMPILER_FLAGS= -O2 -c -mcpu=v9.3 -mlittle-endian -mxl-soft-mul" "EXTRA_COMPILER_FLAGS=-g -ffunction-sections -fdata-sections"
Running Make libs in microblaze_0/libsrc/bram_v4_0/src
make -C microblaze_0/libsrc/bram_v4_0/src -s libs -e "SHELL=/bin/sh" "COMPILER=mb-gcc" "ARCHIVER=mb-ar" "COMPILER_FLAGS= -O2 -c -mcpu=v9.3 -mlittle-endian -mxl-soft-mul" "EXTRA_COMPILER_FLAGS=-g -ffunction-sections -fdata-sections"
Compiling bram
make[2]: Entering directory `/home/derek/Documents/year_4/ECE532/git/ece352/designs/tetris_test/tetris_test.sdk/SDK/SDK_Export/tetris_test_bsp/microblaze_0/libsrc/bram_v4_0/src'
rm -rf *.o 
make[2]: Leaving directory `/home/derek/Documents/year_4/ECE532/git/ece352/designs/tetris_test/tetris_test.sdk/SDK/SDK_Export/tetris_test_bsp/microblaze_0/libsrc/bram_v4_0/src'
Running Make libs in microblaze_0/libsrc/cpu_v2_0/src
make -C microblaze_0/libsrc/cpu_v2_0/src -s libs -e "SHELL=/bin/sh" "COMPILER=mb-gcc" "ARCHIVER=mb-ar" "COMPILER_FLAGS= -O2 -c -mcpu=v9.3 -mlittle-endian -mxl-soft-mul" "EXTRA_COMPILER_FLAGS=-g -ffunction-sections -fdata-sections"
Compiling cpu
make[2]: Entering directory `/home/derek/Documents/year_4/ECE532/git/ece352/designs/tetris_test/tetris_test.sdk/SDK/SDK_Export/tetris_test_bsp/microblaze_0/libsrc/cpu_v2_0/src'
rm -rf *.o
make[2]: Leaving directory `/home/derek/Documents/year_4/ECE532/git/ece352/designs/tetris_test/tetris_test.sdk/SDK/SDK_Export/tetris_test_bsp/microblaze_0/libsrc/cpu_v2_0/src'
Running Make libs in microblaze_0/libsrc/intc_v3_0/src
make -C microblaze_0/libsrc/intc_v3_0/src -s libs -e "SHELL=/bin/sh" "COMPILER=mb-gcc" "ARCHIVER=mb-ar" "COMPILER_FLAGS= -O2 -c -mcpu=v9.3 -mlittle-endian -mxl-soft-mul" "EXTRA_COMPILER_FLAGS=-g -ffunction-sections -fdata-sections"
Compiling intc
make[2]: Entering directory `/home/derek/Documents/year_4/ECE532/git/ece352/designs/tetris_test/tetris_test.sdk/SDK/SDK_Export/tetris_test_bsp/microblaze_0/libsrc/intc_v3_0/src'
rm -rf *.o 
make[2]: Leaving directory `/home/derek/Documents/year_4/ECE532/git/ece352/designs/tetris_test/tetris_test.sdk/SDK/SDK_Export/tetris_test_bsp/microblaze_0/libsrc/intc_v3_0/src'
Running Make libs in microblaze_0/libsrc/standalone_v4_0/src
make -C microblaze_0/libsrc/standalone_v4_0/src -s libs -e "SHELL=/bin/sh" "COMPILER=mb-gcc" "ARCHIVER=mb-ar" "COMPILER_FLAGS= -O2 -c -mcpu=v9.3 -mlittle-endian -mxl-soft-mul" "EXTRA_COMPILER_FLAGS=-g -ffunction-sections -fdata-sections"
Compiling standalone
Running Make libs in microblaze_0/libsrc/uartlite_v3_0/src
make -C microblaze_0/libsrc/uartlite_v3_0/src -s libs -e "SHELL=/bin/sh" "COMPILER=mb-gcc" "ARCHIVER=mb-ar" "COMPILER_FLAGS= -O2 -c -mcpu=v9.3 -mlittle-endian -mxl-soft-mul" "EXTRA_COMPILER_FLAGS=-g -ffunction-sections -fdata-sections"
Compiling uartlite
make[2]: Entering directory `/home/derek/Documents/year_4/ECE532/git/ece352/designs/tetris_test/tetris_test.sdk/SDK/SDK_Export/tetris_test_bsp/microblaze_0/libsrc/uartlite_v3_0/src'
rm -rf *.o 
make[2]: Leaving directory `/home/derek/Documents/year_4/ECE532/git/ece352/designs/tetris_test/tetris_test.sdk/SDK/SDK_Export/tetris_test_bsp/microblaze_0/libsrc/uartlite_v3_0/src'
Finished building libraries
00:42:37 **** Build of configuration Debug for project tetris_test ****
make all 
Building file: ../src/helloworld.c
Invoking: MicroBlaze gcc compiler
mb-gcc -Wall -O0 -g3 -c -fmessage-length=0 -I../../tetris_test_bsp/microblaze_0/include -mlittle-endian -mcpu=v9.3 -mxl-soft-mul -Wl,--no-relax -ffunction-sections -fdata-sections -MMD -MP -MF"src/helloworld.d" -MT"src/helloworld.d" -o "src/helloworld.o" "../src/helloworld.c"
Finished building: ../src/helloworld.c
 
Building file: ../src/platform.c
Invoking: MicroBlaze gcc compiler
mb-gcc -Wall -O0 -g3 -c -fmessage-length=0 -I../../tetris_test_bsp/microblaze_0/include -mlittle-endian -mcpu=v9.3 -mxl-soft-mul -Wl,--no-relax -ffunction-sections -fdata-sections -MMD -MP -MF"src/platform.d" -MT"src/platform.d" -o "src/platform.o" "../src/platform.c"
Finished building: ../src/platform.c
 
Building target: tetris_test.elf
Invoking: MicroBlaze gcc linker
mb-gcc -Wl,-T -Wl,../src/lscript.ld -L../../tetris_test_bsp/microblaze_0/lib -mlittle-endian -mcpu=v9.3 -mxl-soft-mul -Wl,--no-relax -Wl,--gc-sections -o "tetris_test.elf"  ./src/helloworld.o ./src/platform.o   -Wl,--start-group,-lxil,-lgcc,-lc,--end-group
Finished building target: tetris_test.elf
 
Invoking: MicroBlaze Print Size
mb-size tetris_test.elf  |tee "tetris_test.elf.size"
   text	   data	    bss	    dec	    hex	filename
   2652	    308	   2088	   5048	   13b8	tetris_test.elf
Finished building: tetris_test.elf.size
 
00:42:40 **** Incremental Build of configuration Debug for project tetris_test ****
make all 
make: Nothing to be done for `all'.
00:43:09 **** Incremental Build of configuration Debug for project tetris_test ****
make all 
make: Nothing to be done for `all'.
00:43:43 **** Incremental Build of configuration Debug for project tetris_test ****
make all 
make: Nothing to be done for `all'.
00:44:15 **** Auto Build of project tetris_test_bsp ****
make -k all 
Running Make include in microblaze_0/libsrc/bram_v4_0/src
make -C microblaze_0/libsrc/bram_v4_0/src -s include -e "SHELL=/bin/sh" "COMPILER=mb-gcc" "ARCHIVER=mb-ar" "COMPILER_FLAGS= -O2 -c -mcpu=v9.3 -mlittle-endian -mxl-soft-mul" "EXTRA_COMPILER_FLAGS=-g -ffunction-sections -fdata-sections"
Running Make include in microblaze_0/libsrc/cpu_v2_0/src
make -C microblaze_0/libsrc/cpu_v2_0/src -s include -e "SHELL=/bin/sh" "COMPILER=mb-gcc" "ARCHIVER=mb-ar" "COMPILER_FLAGS= -O2 -c -mcpu=v9.3 -mlittle-endian -mxl-soft-mul" "EXTRA_COMPILER_FLAGS=-g -ffunction-sections -fdata-sections"
Running Make include in microblaze_0/libsrc/intc_v3_0/src
make -C microblaze_0/libsrc/intc_v3_0/src -s include -e "SHELL=/bin/sh" "COMPILER=mb-gcc" "ARCHIVER=mb-ar" "COMPILER_FLAGS= -O2 -c -mcpu=v9.3 -mlittle-endian -mxl-soft-mul" "EXTRA_COMPILER_FLAGS=-g -ffunction-sections -fdata-sections"
Running Make include in microblaze_0/libsrc/standalone_v4_0/src
make -C microblaze_0/libsrc/standalone_v4_0/src -s include -e "SHELL=/bin/sh" "COMPILER=mb-gcc" "ARCHIVER=mb-ar" "COMPILER_FLAGS= -O2 -c -mcpu=v9.3 -mlittle-endian -mxl-soft-mul" "EXTRA_COMPILER_FLAGS=-g -ffunction-sections -fdata-sections"
make[2]: Entering directory `/home/derek/Documents/year_4/ECE532/git/ece352/designs/tetris_test/tetris_test.sdk/SDK/SDK_Export/tetris_test_bsp/microblaze_0/libsrc/standalone_v4_0/src/profile'
cp -rf profile.h mblaze_nt_types.h _profile_timer_hw.h ../../../../include
make[2]: Leaving directory `/home/derek/Documents/year_4/ECE532/git/ece352/designs/tetris_test/tetris_test.sdk/SDK/SDK_Export/tetris_test_bsp/microblaze_0/libsrc/standalone_v4_0/src/profile'
Running Make include in microblaze_0/libsrc/uartlite_v3_0/src
make -C microblaze_0/libsrc/uartlite_v3_0/src -s include -e "SHELL=/bin/sh" "COMPILER=mb-gcc" "ARCHIVER=mb-ar" "COMPILER_FLAGS= -O2 -c -mcpu=v9.3 -mlittle-endian -mxl-soft-mul" "EXTRA_COMPILER_FLAGS=-g -ffunction-sections -fdata-sections"
Running Make libs in microblaze_0/libsrc/bram_v4_0/src
make -C microblaze_0/libsrc/bram_v4_0/src -s libs -e "SHELL=/bin/sh" "COMPILER=mb-gcc" "ARCHIVER=mb-ar" "COMPILER_FLAGS= -O2 -c -mcpu=v9.3 -mlittle-endian -mxl-soft-mul" "EXTRA_COMPILER_FLAGS=-g -ffunction-sections -fdata-sections"
Compiling bram
make[2]: Entering directory `/home/derek/Documents/year_4/ECE532/git/ece352/designs/tetris_test/tetris_test.sdk/SDK/SDK_Export/tetris_test_bsp/microblaze_0/libsrc/bram_v4_0/src'
rm -rf *.o 
make[2]: Leaving directory `/home/derek/Documents/year_4/ECE532/git/ece352/designs/tetris_test/tetris_test.sdk/SDK/SDK_Export/tetris_test_bsp/microblaze_0/libsrc/bram_v4_0/src'
Running Make libs in microblaze_0/libsrc/cpu_v2_0/src
make -C microblaze_0/libsrc/cpu_v2_0/src -s libs -e "SHELL=/bin/sh" "COMPILER=mb-gcc" "ARCHIVER=mb-ar" "COMPILER_FLAGS= -O2 -c -mcpu=v9.3 -mlittle-endian -mxl-soft-mul" "EXTRA_COMPILER_FLAGS=-g -ffunction-sections -fdata-sections"
Compiling cpu
make[2]: Entering directory `/home/derek/Documents/year_4/ECE532/git/ece352/designs/tetris_test/tetris_test.sdk/SDK/SDK_Export/tetris_test_bsp/microblaze_0/libsrc/cpu_v2_0/src'
rm -rf *.o
make[2]: Leaving directory `/home/derek/Documents/year_4/ECE532/git/ece352/designs/tetris_test/tetris_test.sdk/SDK/SDK_Export/tetris_test_bsp/microblaze_0/libsrc/cpu_v2_0/src'
Running Make libs in microblaze_0/libsrc/intc_v3_0/src
make -C microblaze_0/libsrc/intc_v3_0/src -s libs -e "SHELL=/bin/sh" "COMPILER=mb-gcc" "ARCHIVER=mb-ar" "COMPILER_FLAGS= -O2 -c -mcpu=v9.3 -mlittle-endian -mxl-soft-mul" "EXTRA_COMPILER_FLAGS=-g -ffunction-sections -fdata-sections"
Compiling intc
make[2]: Entering directory `/home/derek/Documents/year_4/ECE532/git/ece352/designs/tetris_test/tetris_test.sdk/SDK/SDK_Export/tetris_test_bsp/microblaze_0/libsrc/intc_v3_0/src'
rm -rf *.o 
make[2]: Leaving directory `/home/derek/Documents/year_4/ECE532/git/ece352/designs/tetris_test/tetris_test.sdk/SDK/SDK_Export/tetris_test_bsp/microblaze_0/libsrc/intc_v3_0/src'
Running Make libs in microblaze_0/libsrc/standalone_v4_0/src
make -C microblaze_0/libsrc/standalone_v4_0/src -s libs -e "SHELL=/bin/sh" "COMPILER=mb-gcc" "ARCHIVER=mb-ar" "COMPILER_FLAGS= -O2 -c -mcpu=v9.3 -mlittle-endian -mxl-soft-mul" "EXTRA_COMPILER_FLAGS=-g -ffunction-sections -fdata-sections"
Compiling standalone
Running Make libs in microblaze_0/libsrc/uartlite_v3_0/src
make -C microblaze_0/libsrc/uartlite_v3_0/src -s libs -e "SHELL=/bin/sh" "COMPILER=mb-gcc" "ARCHIVER=mb-ar" "COMPILER_FLAGS= -O2 -c -mcpu=v9.3 -mlittle-endian -mxl-soft-mul" "EXTRA_COMPILER_FLAGS=-g -ffunction-sections -fdata-sections"
Compiling uartlite
make[2]: Entering directory `/home/derek/Documents/year_4/ECE532/git/ece352/designs/tetris_test/tetris_test.sdk/SDK/SDK_Export/tetris_test_bsp/microblaze_0/libsrc/uartlite_v3_0/src'
rm -rf *.o 
make[2]: Leaving directory `/home/derek/Documents/year_4/ECE532/git/ece352/designs/tetris_test/tetris_test.sdk/SDK/SDK_Export/tetris_test_bsp/microblaze_0/libsrc/uartlite_v3_0/src'
Finished building libraries
00:44:17 **** Auto Build of configuration Debug for project tetris_test ****
make all 
make: Nothing to be done for `all'.
00:45:15 **** Incremental Build of configuration Debug for project tetris_test ****
make all 
make: Nothing to be done for `all'.
00:45:37 **** Incremental Build of configuration Debug for project tetris_test ****
make all 
make: Nothing to be done for `all'.
00:45:50 **** Incremental Build of configuration Debug for project tetris_test ****
make all 
make: Nothing to be done for `all'.
00:46:23 **** Auto Build of project tetris_test_bsp ****
make -k all 
Running Make include in microblaze_0/libsrc/bram_v4_0/src
make -C microblaze_0/libsrc/bram_v4_0/src -s include -e "SHELL=/bin/sh" "COMPILER=mb-gcc" "ARCHIVER=mb-ar" "COMPILER_FLAGS= -O2 -c -mcpu=v9.3 -mlittle-endian -mxl-soft-mul" "EXTRA_COMPILER_FLAGS=-g -ffunction-sections -fdata-sections"
Running Make include in microblaze_0/libsrc/cpu_v2_0/src
make -C microblaze_0/libsrc/cpu_v2_0/src -s include -e "SHELL=/bin/sh" "COMPILER=mb-gcc" "ARCHIVER=mb-ar" "COMPILER_FLAGS= -O2 -c -mcpu=v9.3 -mlittle-endian -mxl-soft-mul" "EXTRA_COMPILER_FLAGS=-g -ffunction-sections -fdata-sections"
Running Make include in microblaze_0/libsrc/intc_v3_0/src
make -C microblaze_0/libsrc/intc_v3_0/src -s include -e "SHELL=/bin/sh" "COMPILER=mb-gcc" "ARCHIVER=mb-ar" "COMPILER_FLAGS= -O2 -c -mcpu=v9.3 -mlittle-endian -mxl-soft-mul" "EXTRA_COMPILER_FLAGS=-g -ffunction-sections -fdata-sections"
Running Make include in microblaze_0/libsrc/standalone_v4_0/src
make -C microblaze_0/libsrc/standalone_v4_0/src -s include -e "SHELL=/bin/sh" "COMPILER=mb-gcc" "ARCHIVER=mb-ar" "COMPILER_FLAGS= -O2 -c -mcpu=v9.3 -mlittle-endian -mxl-soft-mul" "EXTRA_COMPILER_FLAGS=-g -ffunction-sections -fdata-sections"
make[2]: Entering directory `/home/derek/Documents/year_4/ECE532/git/ece352/designs/tetris_test/tetris_test.sdk/SDK/SDK_Export/tetris_test_bsp/microblaze_0/libsrc/standalone_v4_0/src/profile'
cp -rf profile.h mblaze_nt_types.h _profile_timer_hw.h ../../../../include
make[2]: Leaving directory `/home/derek/Documents/year_4/ECE532/git/ece352/designs/tetris_test/tetris_test.sdk/SDK/SDK_Export/tetris_test_bsp/microblaze_0/libsrc/standalone_v4_0/src/profile'
Running Make include in microblaze_0/libsrc/uartlite_v3_0/src
make -C microblaze_0/libsrc/uartlite_v3_0/src -s include -e "SHELL=/bin/sh" "COMPILER=mb-gcc" "ARCHIVER=mb-ar" "COMPILER_FLAGS= -O2 -c -mcpu=v9.3 -mlittle-endian -mxl-soft-mul" "EXTRA_COMPILER_FLAGS=-g -ffunction-sections -fdata-sections"
Running Make libs in microblaze_0/libsrc/bram_v4_0/src
make -C microblaze_0/libsrc/bram_v4_0/src -s libs -e "SHELL=/bin/sh" "COMPILER=mb-gcc" "ARCHIVER=mb-ar" "COMPILER_FLAGS= -O2 -c -mcpu=v9.3 -mlittle-endian -mxl-soft-mul" "EXTRA_COMPILER_FLAGS=-g -ffunction-sections -fdata-sections"
Compiling bram
make[2]: Entering directory `/home/derek/Documents/year_4/ECE532/git/ece352/designs/tetris_test/tetris_test.sdk/SDK/SDK_Export/tetris_test_bsp/microblaze_0/libsrc/bram_v4_0/src'
rm -rf *.o 
make[2]: Leaving directory `/home/derek/Documents/year_4/ECE532/git/ece352/designs/tetris_test/tetris_test.sdk/SDK/SDK_Export/tetris_test_bsp/microblaze_0/libsrc/bram_v4_0/src'
Running Make libs in microblaze_0/libsrc/cpu_v2_0/src
make -C microblaze_0/libsrc/cpu_v2_0/src -s libs -e "SHELL=/bin/sh" "COMPILER=mb-gcc" "ARCHIVER=mb-ar" "COMPILER_FLAGS= -O2 -c -mcpu=v9.3 -mlittle-endian -mxl-soft-mul" "EXTRA_COMPILER_FLAGS=-g -ffunction-sections -fdata-sections"
Compiling cpu
make[2]: Entering directory `/home/derek/Documents/year_4/ECE532/git/ece352/designs/tetris_test/tetris_test.sdk/SDK/SDK_Export/tetris_test_bsp/microblaze_0/libsrc/cpu_v2_0/src'
rm -rf *.o
make[2]: Leaving directory `/home/derek/Documents/year_4/ECE532/git/ece352/designs/tetris_test/tetris_test.sdk/SDK/SDK_Export/tetris_test_bsp/microblaze_0/libsrc/cpu_v2_0/src'
Running Make libs in microblaze_0/libsrc/intc_v3_0/src
make -C microblaze_0/libsrc/intc_v3_0/src -s libs -e "SHELL=/bin/sh" "COMPILER=mb-gcc" "ARCHIVER=mb-ar" "COMPILER_FLAGS= -O2 -c -mcpu=v9.3 -mlittle-endian -mxl-soft-mul" "EXTRA_COMPILER_FLAGS=-g -ffunction-sections -fdata-sections"
Compiling intc
make[2]: Entering directory `/home/derek/Documents/year_4/ECE532/git/ece352/designs/tetris_test/tetris_test.sdk/SDK/SDK_Export/tetris_test_bsp/microblaze_0/libsrc/intc_v3_0/src'
rm -rf *.o 
make[2]: Leaving directory `/home/derek/Documents/year_4/ECE532/git/ece352/designs/tetris_test/tetris_test.sdk/SDK/SDK_Export/tetris_test_bsp/microblaze_0/libsrc/intc_v3_0/src'
Running Make libs in microblaze_0/libsrc/standalone_v4_0/src
make -C microblaze_0/libsrc/standalone_v4_0/src -s libs -e "SHELL=/bin/sh" "COMPILER=mb-gcc" "ARCHIVER=mb-ar" "COMPILER_FLAGS= -O2 -c -mcpu=v9.3 -mlittle-endian -mxl-soft-mul" "EXTRA_COMPILER_FLAGS=-g -ffunction-sections -fdata-sections"
Compiling standalone
Running Make libs in microblaze_0/libsrc/uartlite_v3_0/src
make -C microblaze_0/libsrc/uartlite_v3_0/src -s libs -e "SHELL=/bin/sh" "COMPILER=mb-gcc" "ARCHIVER=mb-ar" "COMPILER_FLAGS= -O2 -c -mcpu=v9.3 -mlittle-endian -mxl-soft-mul" "EXTRA_COMPILER_FLAGS=-g -ffunction-sections -fdata-sections"
Compiling uartlite
make[2]: Entering directory `/home/derek/Documents/year_4/ECE532/git/ece352/designs/tetris_test/tetris_test.sdk/SDK/SDK_Export/tetris_test_bsp/microblaze_0/libsrc/uartlite_v3_0/src'
rm -rf *.o 
make[2]: Leaving directory `/home/derek/Documents/year_4/ECE532/git/ece352/designs/tetris_test/tetris_test.sdk/SDK/SDK_Export/tetris_test_bsp/microblaze_0/libsrc/uartlite_v3_0/src'
Finished building libraries
00:46:24 **** Auto Build of configuration Debug for project tetris_test ****
make all 
make: Nothing to be done for `all'.
00:46:33 **** Incremental Build of configuration Debug for project tetris_test ****
make all 
make: Nothing to be done for `all'.
00:48:22 **** Auto Build of configuration Debug for project tetris_test ****
make all 
make: Nothing to be done for `all'.
00:49:19 **** Auto Build of configuration Debug for project tetris_test ****
make all 
Building file: ../src/tetris.c
Invoking: MicroBlaze gcc compiler
mb-gcc -Wall -O0 -g3 -c -fmessage-length=0 -I../../tetris_test_bsp/microblaze_0/include -mlittle-endian -mcpu=v9.3 -mxl-soft-mul -Wl,--no-relax -ffunction-sections -fdata-sections -MMD -MP -MF"src/tetris.d" -MT"src/tetris.d" -o "src/tetris.o" "../src/tetris.c"
../src/tetris.c: In function 'add_piece':
../src/tetris.c:19:5: warning: implicit declaration of function 'rand' [-Wimplicit-function-declaration]
     int piece_id = rand() % 7;
     ^
../src/tetris.c: In function 'print_board':
../src/tetris.c:214:5: warning: implicit declaration of function 'clear' [-Wimplicit-function-declaration]
     clear();
     ^
../src/tetris.c: In function 'main':
../src/tetris.c:224:5: warning: implicit declaration of function 'srand' [-Wimplicit-function-declaration]
     srand(time(NULL)); // TODO can use on microblaze?
     ^
../src/tetris.c:224:5: warning: implicit declaration of function 'time' [-Wimplicit-function-declaration]
../src/tetris.c:236:5: warning: implicit declaration of function 'initscr' [-Wimplicit-function-declaration]
     initscr();
     ^
../src/tetris.c:237:5: warning: implicit declaration of function 'cbreak' [-Wimplicit-function-declaration]
     cbreak();
     ^
../src/tetris.c:238:5: warning: implicit declaration of function 'noecho' [-Wimplicit-function-declaration]
     noecho();
     ^
../src/tetris.c:239:5: warning: implicit declaration of function 'nodelay' [-Wimplicit-function-declaration]
     nodelay(stdscr, TRUE);
     ^
../src/tetris.c:239:13: error: 'stdscr' undeclared (first use in this function)
     nodelay(stdscr, TRUE);
             ^
../src/tetris.c:239:13: note: each undeclared identifier is reported only once for each function it appears in
../src/tetris.c:239:21: error: 'TRUE' undeclared (first use in this function)
     nodelay(stdscr, TRUE);
                     ^
../src/tetris.c:240:5: warning: implicit declaration of function 'keypad' [-Wimplicit-function-declaration]
     keypad(stdscr, TRUE);
     ^
../src/tetris.c:252:9: warning: implicit declaration of function 'getch' [-Wimplicit-function-declaration]
         ch = getch();
         ^
../src/tetris.c:253:19: error: 'KEY_LEFT' undeclared (first use in this function)
         if (ch == KEY_LEFT) {
                   ^
../src/tetris.c:256:24: error: 'KEY_RIGHT' undeclared (first use in this function)
         else if (ch == KEY_RIGHT) {
                        ^
../src/tetris.c:274:9: warning: implicit declaration of function 'refresh' [-Wimplicit-function-declaration]
         refresh();
         ^
../src/tetris.c:275:9: warning: implicit declaration of function 'usleep' [-Wimplicit-function-declaration]
         usleep(200000);
         ^
../src/tetris.c:278:5: warning: implicit declaration of function 'endwin' [-Wimplicit-function-declaration]
     endwin();
     ^
make: *** [src/tetris.o] Error 1
00:50:00 **** Auto Build of configuration Debug for project tetris_test ****
make all 
Building file: ../src/tetris.c
Invoking: MicroBlaze gcc compiler
mb-gcc -Wall -O0 -g3 -c -fmessage-length=0 -I../../tetris_test_bsp/microblaze_0/include -mlittle-endian -mcpu=v9.3 -mxl-soft-mul -Wl,--no-relax -ffunction-sections -fdata-sections -MMD -MP -MF"src/tetris.d" -MT"src/tetris.d" -o "src/tetris.o" "../src/tetris.c"
../src/tetris.c: In function 'add_piece':
../src/tetris.c:20:5: warning: implicit declaration of function 'rand' [-Wimplicit-function-declaration]
     int piece_id = rand() % 7;
     ^
../src/tetris.c: In function 'print_board':
../src/tetris.c:215:5: warning: implicit declaration of function 'clear' [-Wimplicit-function-declaration]
     clear();
     ^
../src/tetris.c: In function 'main':
../src/tetris.c:225:5: warning: implicit declaration of function 'srand' [-Wimplicit-function-declaration]
     srand(time(NULL)); // TODO can use on microblaze?
     ^
../src/tetris.c:237:5: warning: implicit declaration of function 'initscr' [-Wimplicit-function-declaration]
     initscr();
     ^
../src/tetris.c:238:5: warning: implicit declaration of function 'cbreak' [-Wimplicit-function-declaration]
     cbreak();
     ^
../src/tetris.c:239:5: warning: implicit declaration of function 'noecho' [-Wimplicit-function-declaration]
     noecho();
     ^
../src/tetris.c:240:5: warning: implicit declaration of function 'nodelay' [-Wimplicit-function-declaration]
     nodelay(stdscr, TRUE);
     ^
../src/tetris.c:240:13: error: 'stdscr' undeclared (first use in this function)
     nodelay(stdscr, TRUE);
             ^
../src/tetris.c:240:13: note: each undeclared identifier is reported only once for each function it appears in
../src/tetris.c:240:21: error: 'TRUE' undeclared (first use in this function)
     nodelay(stdscr, TRUE);
                     ^
../src/tetris.c:241:5: warning: implicit declaration of function 'keypad' [-Wimplicit-function-declaration]
     keypad(stdscr, TRUE);
     ^
../src/tetris.c:253:9: warning: implicit declaration of function 'getch' [-Wimplicit-function-declaration]
         ch = getch();
         ^
../src/tetris.c:254:19: error: 'KEY_LEFT' undeclared (first use in this function)
         if (ch == KEY_LEFT) {
                   ^
../src/tetris.c:257:24: error: 'KEY_RIGHT' undeclared (first use in this function)
         else if (ch == KEY_RIGHT) {
                        ^
../src/tetris.c:275:9: warning: implicit declaration of function 'refresh' [-Wimplicit-function-declaration]
         refresh();
         ^
../src/tetris.c:276:9: warning: implicit declaration of function 'usleep' [-Wimplicit-function-declaration]
         usleep(200000);
         ^
../src/tetris.c:279:5: warning: implicit declaration of function 'endwin' [-Wimplicit-function-declaration]
     endwin();
     ^
make: *** [src/tetris.o] Error 1
00:50:27 **** Auto Build of configuration Debug for project tetris_test ****
make all 
Building file: ../src/tetris.c
Invoking: MicroBlaze gcc compiler
mb-gcc -Wall -O0 -g3 -c -fmessage-length=0 -I../../tetris_test_bsp/microblaze_0/include -mlittle-endian -mcpu=v9.3 -mxl-soft-mul -Wl,--no-relax -ffunction-sections -fdata-sections -MMD -MP -MF"src/tetris.d" -MT"src/tetris.d" -o "src/tetris.o" "../src/tetris.c"
../src/tetris.c: In function 'add_piece':
../src/tetris.c:20:5: warning: implicit declaration of function 'rand' [-Wimplicit-function-declaration]
     int piece_id = rand() % 7;
     ^
../src/tetris.c: In function 'print_board':
../src/tetris.c:215:5: warning: implicit declaration of function 'clear' [-Wimplicit-function-declaration]
     clear();
     ^
../src/tetris.c: In function 'main':
../src/tetris.c:225:5: warning: implicit declaration of function 'srand' [-Wimplicit-function-declaration]
     srand(time(NULL)); // TODO can use on microblaze?
     ^
../src/tetris.c:237:5: warning: implicit declaration of function 'initscr' [-Wimplicit-function-declaration]
     initscr();
     ^
../src/tetris.c:238:5: warning: implicit declaration of function 'cbreak' [-Wimplicit-function-declaration]
     cbreak();
     ^
../src/tetris.c:239:5: warning: implicit declaration of function 'noecho' [-Wimplicit-function-declaration]
     noecho();
     ^
../src/tetris.c:240:5: warning: implicit declaration of function 'nodelay' [-Wimplicit-function-declaration]
     nodelay(stdscr, TRUE);
     ^
../src/tetris.c:240:13: error: 'stdscr' undeclared (first use in this function)
     nodelay(stdscr, TRUE);
             ^
../src/tetris.c:240:13: note: each undeclared identifier is reported only once for each function it appears in
../src/tetris.c:240:21: error: 'TRUE' undeclared (first use in this function)
     nodelay(stdscr, TRUE);
                     ^
../src/tetris.c:241:5: warning: implicit declaration of function 'keypad' [-Wimplicit-function-declaration]
     keypad(stdscr, TRUE);
     ^
../src/tetris.c:275:9: warning: implicit declaration of function 'usleep' [-Wimplicit-function-declaration]
         usleep(200000);
         ^
../src/tetris.c:242:9: warning: unused variable 'ch' [-Wunused-variable]
     int ch;
         ^
make: *** [src/tetris.o] Error 1
00:50:35 **** Auto Build of configuration Debug for project tetris_test ****
make all 
Building file: ../src/tetris.c
Invoking: MicroBlaze gcc compiler
mb-gcc -Wall -O0 -g3 -c -fmessage-length=0 -I../../tetris_test_bsp/microblaze_0/include -mlittle-endian -mcpu=v9.3 -mxl-soft-mul -Wl,--no-relax -ffunction-sections -fdata-sections -MMD -MP -MF"src/tetris.d" -MT"src/tetris.d" -o "src/tetris.o" "../src/tetris.c"
../src/tetris.c: In function 'add_piece':
../src/tetris.c:20:5: warning: implicit declaration of function 'rand' [-Wimplicit-function-declaration]
     int piece_id = rand() % 7;
     ^
../src/tetris.c: In function 'print_board':
../src/tetris.c:215:5: warning: implicit declaration of function 'clear' [-Wimplicit-function-declaration]
     clear();
     ^
../src/tetris.c: In function 'main':
../src/tetris.c:225:5: warning: implicit declaration of function 'srand' [-Wimplicit-function-declaration]
     srand(time(NULL)); // TODO can use on microblaze?
     ^
../src/tetris.c:266:9: warning: implicit declaration of function 'usleep' [-Wimplicit-function-declaration]
         usleep(200000);
         ^
Finished building: ../src/tetris.c
 
Building target: tetris_test.elf
Invoking: MicroBlaze gcc linker
mb-gcc -Wl,-T -Wl,../src/lscript.ld -L../../tetris_test_bsp/microblaze_0/lib -mlittle-endian -mcpu=v9.3 -mxl-soft-mul -Wl,--no-relax -Wl,--gc-sections -o "tetris_test.elf"  ./src/helloworld.o ./src/platform.o ./src/tetris.o   -Wl,--start-group,-lxil,-lgcc,-lc,--end-group
./src/tetris.o: In function `main':
/home/derek/Documents/year_4/ECE532/git/ece352/designs/tetris_test/tetris_test.sdk/SDK/SDK_Export/tetris_test/Debug/../src/tetris.c:223: multiple definition of `main'
./src/helloworld.o:/home/derek/Documents/year_4/ECE532/git/ece352/designs/tetris_test/tetris_test.sdk/SDK/SDK_Export/tetris_test/Debug/../src/helloworld.c:40: first defined here
/home/derek/Xilinx/SDK/2014.1/gnu/microblaze/lin/bin/../lib/gcc/microblaze-xilinx-elf/4.8.3/../../../../microblaze-xilinx-elf/bin/ld: tetris_test.elf section `.text' will not fit in region `microblaze_0_local_memory_ilmb_bram_if_cntlr_microblaze_0_local_memory_dlmb_bram_if_cntlr'
/home/derek/Xilinx/SDK/2014.1/gnu/microblaze/lin/bin/../lib/gcc/microblaze-xilinx-elf/4.8.3/../../../../microblaze-xilinx-elf/bin/ld: region `microblaze_0_local_memory_ilmb_bram_if_cntlr_microblaze_0_local_memory_dlmb_bram_if_cntlr' overflowed by 6960 bytes
collect2: error: ld returned 1 exit status
make: *** [tetris_test.elf] Error 1
00:51:59 **** Auto Build of configuration Debug for project tetris_test ****
make all 
Building file: ../src/tetris.c
Invoking: MicroBlaze gcc compiler
mb-gcc -Wall -O0 -g3 -c -fmessage-length=0 -I../../tetris_test_bsp/microblaze_0/include -mlittle-endian -mcpu=v9.3 -mxl-soft-mul -Wl,--no-relax -ffunction-sections -fdata-sections -MMD -MP -MF"src/tetris.d" -MT"src/tetris.d" -o "src/tetris.o" "../src/tetris.c"
../src/tetris.c: In function 'add_piece':
../src/tetris.c:20:5: warning: implicit declaration of function 'rand' [-Wimplicit-function-declaration]
     int piece_id = rand() % 7;
     ^
../src/tetris.c: In function 'print_board':
../src/tetris.c:215:5: warning: implicit declaration of function 'clear' [-Wimplicit-function-declaration]
     clear();
     ^
../src/tetris.c: In function 'main':
../src/tetris.c:231:5: warning: implicit declaration of function 'srand' [-Wimplicit-function-declaration]
     srand(time(NULL)); // TODO can use on microblaze?
     ^
Finished building: ../src/tetris.c
 
Building target: tetris_test.elf
Invoking: MicroBlaze gcc linker
mb-gcc -Wl,-T -Wl,../src/lscript.ld -L../../tetris_test_bsp/microblaze_0/lib -mlittle-endian -mcpu=v9.3 -mxl-soft-mul -Wl,--no-relax -Wl,--gc-sections -o "tetris_test.elf"  ./src/helloworld.o ./src/platform.o ./src/tetris.o   -Wl,--start-group,-lxil,-lgcc,-lc,--end-group
./src/tetris.o: In function `main':
/home/derek/Documents/year_4/ECE532/git/ece352/designs/tetris_test/tetris_test.sdk/SDK/SDK_Export/tetris_test/Debug/../src/tetris.c:229: multiple definition of `main'
./src/helloworld.o:/home/derek/Documents/year_4/ECE532/git/ece352/designs/tetris_test/tetris_test.sdk/SDK/SDK_Export/tetris_test/Debug/../src/helloworld.c:40: first defined here
/home/derek/Xilinx/SDK/2014.1/gnu/microblaze/lin/bin/../lib/gcc/microblaze-xilinx-elf/4.8.3/../../../../microblaze-xilinx-elf/bin/ld: tetris_test.elf section `.text' will not fit in region `microblaze_0_local_memory_ilmb_bram_if_cntlr_microblaze_0_local_memory_dlmb_bram_if_cntlr'
/home/derek/Xilinx/SDK/2014.1/gnu/microblaze/lin/bin/../lib/gcc/microblaze-xilinx-elf/4.8.3/../../../../microblaze-xilinx-elf/bin/ld: region `microblaze_0_local_memory_ilmb_bram_if_cntlr_microblaze_0_local_memory_dlmb_bram_if_cntlr' overflowed by 6960 bytes
collect2: error: ld returned 1 exit status
make: *** [tetris_test.elf] Error 1
00:52:11 **** Auto Build of configuration Debug for project tetris_test ****
make all 
Building file: ../src/tetris.c
Invoking: MicroBlaze gcc compiler
mb-gcc -Wall -O0 -g3 -c -fmessage-length=0 -I../../tetris_test_bsp/microblaze_0/include -mlittle-endian -mcpu=v9.3 -mxl-soft-mul -Wl,--no-relax -ffunction-sections -fdata-sections -MMD -MP -MF"src/tetris.d" -MT"src/tetris.d" -o "src/tetris.o" "../src/tetris.c"
../src/tetris.c: In function 'add_piece':
../src/tetris.c:20:5: warning: implicit declaration of function 'rand' [-Wimplicit-function-declaration]
     int piece_id = rand() % 7;
     ^
../src/tetris.c: In function 'print_board':
../src/tetris.c:215:5: warning: implicit declaration of function 'clear' [-Wimplicit-function-declaration]
     clear();
     ^
../src/tetris.c: In function 'spin':
../src/tetris.c:225:18: error: 'cycles' undeclared (first use in this function)
  for (i = 0; i < cycles; i++) {}
                  ^
../src/tetris.c:225:18: note: each undeclared identifier is reported only once for each function it appears in
../src/tetris.c: In function 'main':
../src/tetris.c:231:5: warning: implicit declaration of function 'srand' [-Wimplicit-function-declaration]
     srand(time(NULL)); // TODO can use on microblaze?
     ^
make: *** [src/tetris.o] Error 1
00:52:20 **** Auto Build of configuration Debug for project tetris_test ****
make all 
Building file: ../src/tetris.c
Invoking: MicroBlaze gcc compiler
mb-gcc -Wall -O0 -g3 -c -fmessage-length=0 -I../../tetris_test_bsp/microblaze_0/include -mlittle-endian -mcpu=v9.3 -mxl-soft-mul -Wl,--no-relax -ffunction-sections -fdata-sections -MMD -MP -MF"src/tetris.d" -MT"src/tetris.d" -o "src/tetris.o" "../src/tetris.c"
../src/tetris.c: In function 'add_piece':
../src/tetris.c:20:5: warning: implicit declaration of function 'rand' [-Wimplicit-function-declaration]
     int piece_id = rand() % 7;
     ^
../src/tetris.c: In function 'print_board':
../src/tetris.c:215:5: warning: implicit declaration of function 'clear' [-Wimplicit-function-declaration]
     clear();
     ^
../src/tetris.c: In function 'spin':
../src/tetris.c:225:18: error: 'cycles' undeclared (first use in this function)
  for (i = 0; i < cycles; i++) {}
                  ^
../src/tetris.c:225:18: note: each undeclared identifier is reported only once for each function it appears in
../src/tetris.c: In function 'main':
../src/tetris.c:231:5: warning: implicit declaration of function 'srand' [-Wimplicit-function-declaration]
     srand(time(NULL)); // TODO can use on microblaze?
     ^
../src/tetris.c:273:5: error: expected ';' before '}' token
     }
     ^
make: *** [src/tetris.o] Error 1
00:52:22 **** Auto Build of configuration Debug for project tetris_test ****
make all 
Building file: ../src/tetris.c
Invoking: MicroBlaze gcc compiler
mb-gcc -Wall -O0 -g3 -c -fmessage-length=0 -I../../tetris_test_bsp/microblaze_0/include -mlittle-endian -mcpu=v9.3 -mxl-soft-mul -Wl,--no-relax -ffunction-sections -fdata-sections -MMD -MP -MF"src/tetris.d" -MT"src/tetris.d" -o "src/tetris.o" "../src/tetris.c"
../src/tetris.c: In function 'add_piece':
../src/tetris.c:20:5: warning: implicit declaration of function 'rand' [-Wimplicit-function-declaration]
     int piece_id = rand() % 7;
     ^
../src/tetris.c: In function 'print_board':
../src/tetris.c:215:5: warning: implicit declaration of function 'clear' [-Wimplicit-function-declaration]
     clear();
     ^
../src/tetris.c: In function 'spin':
../src/tetris.c:225:18: error: 'cycles' undeclared (first use in this function)
  for (i = 0; i < cycles; i++) {}
                  ^
../src/tetris.c:225:18: note: each undeclared identifier is reported only once for each function it appears in
../src/tetris.c: In function 'main':
../src/tetris.c:231:5: warning: implicit declaration of function 'srand' [-Wimplicit-function-declaration]
     srand(time(NULL)); // TODO can use on microblaze?
     ^
make: *** [src/tetris.o] Error 1
00:52:35 **** Auto Build of configuration Debug for project tetris_test ****
make all 
Building file: ../src/tetris.c
Invoking: MicroBlaze gcc compiler
mb-gcc -Wall -O0 -g3 -c -fmessage-length=0 -I../../tetris_test_bsp/microblaze_0/include -mlittle-endian -mcpu=v9.3 -mxl-soft-mul -Wl,--no-relax -ffunction-sections -fdata-sections -MMD -MP -MF"src/tetris.d" -MT"src/tetris.d" -o "src/tetris.o" "../src/tetris.c"
../src/tetris.c: In function 'add_piece':
../src/tetris.c:20:5: warning: implicit declaration of function 'rand' [-Wimplicit-function-declaration]
     int piece_id = rand() % 7;
     ^
../src/tetris.c: In function 'spin':
../src/tetris.c:224:18: error: 'cycles' undeclared (first use in this function)
  for (i = 0; i < cycles; i++) {}
                  ^
../src/tetris.c:224:18: note: each undeclared identifier is reported only once for each function it appears in
../src/tetris.c: In function 'main':
../src/tetris.c:230:5: warning: implicit declaration of function 'srand' [-Wimplicit-function-declaration]
     srand(time(NULL)); // TODO can use on microblaze?
     ^
make: *** [src/tetris.o] Error 1
00:52:54 **** Auto Build of configuration Debug for project tetris_test ****
make all 
Building file: ../src/tetris.c
Invoking: MicroBlaze gcc compiler
mb-gcc -Wall -O0 -g3 -c -fmessage-length=0 -I../../tetris_test_bsp/microblaze_0/include -mlittle-endian -mcpu=v9.3 -mxl-soft-mul -Wl,--no-relax -ffunction-sections -fdata-sections -MMD -MP -MF"src/tetris.d" -MT"src/tetris.d" -o "src/tetris.o" "../src/tetris.c"
../src/tetris.c: In function 'add_piece':
../src/tetris.c:20:5: warning: implicit declaration of function 'rand' [-Wimplicit-function-declaration]
     int piece_id = rand() % 7;
     ^
../src/tetris.c: In function 'spin':
../src/tetris.c:225:18: error: 'cycles' undeclared (first use in this function)
  for (i = 0; i < cycles; i++) {}
                  ^
../src/tetris.c:225:18: note: each undeclared identifier is reported only once for each function it appears in
../src/tetris.c: In function 'main':
../src/tetris.c:231:5: warning: implicit declaration of function 'srand' [-Wimplicit-function-declaration]
     srand(time(NULL)); // TODO can use on microblaze?
     ^
make: *** [src/tetris.o] Error 1
00:53:19 **** Auto Build of configuration Debug for project tetris_test ****
make all 
Building file: ../src/tetris.c
Invoking: MicroBlaze gcc compiler
mb-gcc -Wall -O0 -g3 -c -fmessage-length=0 -I../../tetris_test_bsp/microblaze_0/include -mlittle-endian -mcpu=v9.3 -mxl-soft-mul -Wl,--no-relax -ffunction-sections -fdata-sections -MMD -MP -MF"src/tetris.d" -MT"src/tetris.d" -o "src/tetris.o" "../src/tetris.c"
../src/tetris.c: In function 'add_piece':
../src/tetris.c:20:5: warning: implicit declaration of function 'rand' [-Wimplicit-function-declaration]
     int piece_id = rand() % 7;
     ^
../src/tetris.c: In function 'main':
../src/tetris.c:231:5: warning: implicit declaration of function 'srand' [-Wimplicit-function-declaration]
     srand(time(NULL)); // TODO can use on microblaze?
     ^
Finished building: ../src/tetris.c
 
Building target: tetris_test.elf
Invoking: MicroBlaze gcc linker
mb-gcc -Wl,-T -Wl,../src/lscript.ld -L../../tetris_test_bsp/microblaze_0/lib -mlittle-endian -mcpu=v9.3 -mxl-soft-mul -Wl,--no-relax -Wl,--gc-sections -o "tetris_test.elf"  ./src/helloworld.o ./src/platform.o ./src/tetris.o   -Wl,--start-group,-lxil,-lgcc,-lc,--end-group
./src/tetris.o: In function `main':
/home/derek/Documents/year_4/ECE532/git/ece352/designs/tetris_test/tetris_test.sdk/SDK/SDK_Export/tetris_test/Debug/../src/tetris.c:229: multiple definition of `main'
./src/helloworld.o:/home/derek/Documents/year_4/ECE532/git/ece352/designs/tetris_test/tetris_test.sdk/SDK/SDK_Export/tetris_test/Debug/../src/helloworld.c:40: first defined here
/home/derek/Xilinx/SDK/2014.1/gnu/microblaze/lin/bin/../lib/gcc/microblaze-xilinx-elf/4.8.3/../../../../microblaze-xilinx-elf/bin/ld: tetris_test.elf section `.text' will not fit in region `microblaze_0_local_memory_ilmb_bram_if_cntlr_microblaze_0_local_memory_dlmb_bram_if_cntlr'
/home/derek/Xilinx/SDK/2014.1/gnu/microblaze/lin/bin/../lib/gcc/microblaze-xilinx-elf/4.8.3/../../../../microblaze-xilinx-elf/bin/ld: region `microblaze_0_local_memory_ilmb_bram_if_cntlr_microblaze_0_local_memory_dlmb_bram_if_cntlr' overflowed by 6960 bytes
collect2: error: ld returned 1 exit status
make: *** [tetris_test.elf] Error 1
00:53:42 **** Auto Build of configuration Debug for project tetris_test ****
make all 
Building file: ../src/tetris.c
Invoking: MicroBlaze gcc compiler
mb-gcc -Wall -O0 -g3 -c -fmessage-length=0 -I../../tetris_test_bsp/microblaze_0/include -mlittle-endian -mcpu=v9.3 -mxl-soft-mul -Wl,--no-relax -ffunction-sections -fdata-sections -MMD -MP -MF"src/tetris.d" -MT"src/tetris.d" -o "src/tetris.o" "../src/tetris.c"
../src/tetris.c:3:18: fatal error: rand.h: No such file or directory
 #include <rand.h>
                  ^
compilation terminated.
make: *** [src/tetris.o] Error 1
00:53:55 **** Auto Build of configuration Debug for project tetris_test ****
make all 
Building file: ../src/tetris.c
Invoking: MicroBlaze gcc compiler
mb-gcc -Wall -O0 -g3 -c -fmessage-length=0 -I../../tetris_test_bsp/microblaze_0/include -mlittle-endian -mcpu=v9.3 -mxl-soft-mul -Wl,--no-relax -ffunction-sections -fdata-sections -MMD -MP -MF"src/tetris.d" -MT"src/tetris.d" -o "src/tetris.o" "../src/tetris.c"
Finished building: ../src/tetris.c
 
Building target: tetris_test.elf
Invoking: MicroBlaze gcc linker
mb-gcc -Wl,-T -Wl,../src/lscript.ld -L../../tetris_test_bsp/microblaze_0/lib -mlittle-endian -mcpu=v9.3 -mxl-soft-mul -Wl,--no-relax -Wl,--gc-sections -o "tetris_test.elf"  ./src/helloworld.o ./src/platform.o ./src/tetris.o   -Wl,--start-group,-lxil,-lgcc,-lc,--end-group
./src/tetris.o: In function `main':
/home/derek/Documents/year_4/ECE532/git/ece352/designs/tetris_test/tetris_test.sdk/SDK/SDK_Export/tetris_test/Debug/../src/tetris.c:230: multiple definition of `main'
./src/helloworld.o:/home/derek/Documents/year_4/ECE532/git/ece352/designs/tetris_test/tetris_test.sdk/SDK/SDK_Export/tetris_test/Debug/../src/helloworld.c:40: first defined here
/home/derek/Xilinx/SDK/2014.1/gnu/microblaze/lin/bin/../lib/gcc/microblaze-xilinx-elf/4.8.3/../../../../microblaze-xilinx-elf/bin/ld: tetris_test.elf section `.text' will not fit in region `microblaze_0_local_memory_ilmb_bram_if_cntlr_microblaze_0_local_memory_dlmb_bram_if_cntlr'
/home/derek/Xilinx/SDK/2014.1/gnu/microblaze/lin/bin/../lib/gcc/microblaze-xilinx-elf/4.8.3/../../../../microblaze-xilinx-elf/bin/ld: region `microblaze_0_local_memory_ilmb_bram_if_cntlr_microblaze_0_local_memory_dlmb_bram_if_cntlr' overflowed by 6960 bytes
collect2: error: ld returned 1 exit status
make: *** [tetris_test.elf] Error 1
00:54:58 **** Auto Build of configuration Debug for project tetris_test ****
make all 
Building file: ../src/tetris.c
Invoking: MicroBlaze gcc compiler
mb-gcc -Wall -O0 -g3 -c -fmessage-length=0 -I../../tetris_test_bsp/microblaze_0/include -mlittle-endian -mcpu=v9.3 -mxl-soft-mul -Wl,--no-relax -ffunction-sections -fdata-sections -MMD -MP -MF"src/tetris.d" -MT"src/tetris.d" -o "src/tetris.o" "../src/tetris.c"
Finished building: ../src/tetris.c
 
Building target: tetris_test.elf
Invoking: MicroBlaze gcc linker
mb-gcc -Wl,-T -Wl,../src/lscript.ld -L../../tetris_test_bsp/microblaze_0/lib -mlittle-endian -mcpu=v9.3 -mxl-soft-mul -Wl,--no-relax -Wl,--gc-sections -o "tetris_test.elf"  ./src/helloworld.o ./src/platform.o ./src/tetris.o   -Wl,--start-group,-lxil,-lgcc,-lc,--end-group
./src/tetris.o: In function `main':
/home/derek/Documents/year_4/ECE532/git/ece352/designs/tetris_test/tetris_test.sdk/SDK/SDK_Export/tetris_test/Debug/../src/tetris.c:232: multiple definition of `main'
./src/helloworld.o:/home/derek/Documents/year_4/ECE532/git/ece352/designs/tetris_test/tetris_test.sdk/SDK/SDK_Export/tetris_test/Debug/../src/helloworld.c:40: first defined here
/home/derek/Xilinx/SDK/2014.1/gnu/microblaze/lin/bin/../lib/gcc/microblaze-xilinx-elf/4.8.3/../../../../microblaze-xilinx-elf/bin/ld: tetris_test.elf section `.text' will not fit in region `microblaze_0_local_memory_ilmb_bram_if_cntlr_microblaze_0_local_memory_dlmb_bram_if_cntlr'
/home/derek/Xilinx/SDK/2014.1/gnu/microblaze/lin/bin/../lib/gcc/microblaze-xilinx-elf/4.8.3/../../../../microblaze-xilinx-elf/bin/ld: region `microblaze_0_local_memory_ilmb_bram_if_cntlr_microblaze_0_local_memory_dlmb_bram_if_cntlr' overflowed by 6960 bytes
collect2: error: ld returned 1 exit status
make: *** [tetris_test.elf] Error 1
00:55:28 **** Auto Build of configuration Debug for project tetris_test ****
make all 
Building file: ../src/tetris.c
Invoking: MicroBlaze gcc compiler
mb-gcc -Wall -O0 -g3 -c -fmessage-length=0 -I../../tetris_test_bsp/microblaze_0/include -mlittle-endian -mcpu=v9.3 -mxl-soft-mul -Wl,--no-relax -ffunction-sections -fdata-sections -MMD -MP -MF"src/tetris.d" -MT"src/tetris.d" -o "src/tetris.o" "../src/tetris.c"
Finished building: ../src/tetris.c
 
Building target: tetris_test.elf
Invoking: MicroBlaze gcc linker
mb-gcc -Wl,-T -Wl,../src/lscript.ld -L../../tetris_test_bsp/microblaze_0/lib -mlittle-endian -mcpu=v9.3 -mxl-soft-mul -Wl,--no-relax -Wl,--gc-sections -o "tetris_test.elf"  ./src/helloworld.o ./src/platform.o ./src/tetris.o   -Wl,--start-group,-lxil,-lgcc,-lc,--end-group
./src/tetris.o: In function `main':
/home/derek/Documents/year_4/ECE532/git/ece352/designs/tetris_test/tetris_test.sdk/SDK/SDK_Export/tetris_test/Debug/../src/tetris.c:232: multiple definition of `main'
./src/helloworld.o:/home/derek/Documents/year_4/ECE532/git/ece352/designs/tetris_test/tetris_test.sdk/SDK/SDK_Export/tetris_test/Debug/../src/helloworld.c:40: first defined here
/home/derek/Xilinx/SDK/2014.1/gnu/microblaze/lin/bin/../lib/gcc/microblaze-xilinx-elf/4.8.3/../../../../microblaze-xilinx-elf/bin/ld: tetris_test.elf section `.text' will not fit in region `microblaze_0_local_memory_ilmb_bram_if_cntlr_microblaze_0_local_memory_dlmb_bram_if_cntlr'
/home/derek/Xilinx/SDK/2014.1/gnu/microblaze/lin/bin/../lib/gcc/microblaze-xilinx-elf/4.8.3/../../../../microblaze-xilinx-elf/bin/ld: region `microblaze_0_local_memory_ilmb_bram_if_cntlr_microblaze_0_local_memory_dlmb_bram_if_cntlr' overflowed by 6960 bytes
collect2: error: ld returned 1 exit status
make: *** [tetris_test.elf] Error 1
00:55:35 **** Clean-only build of configuration Debug for project tetris_test ****
make clean 
rm -rf  ./src/helloworld.o ./src/platform.o ./src/tetris.o  ./src/helloworld.d ./src/platform.d ./src/tetris.d  tetris_test.elf.size  tetris_test.elf
 
00:55:35 **** Auto Build of configuration Debug for project tetris_test ****
make all 
Building file: ../src/platform.c
Invoking: MicroBlaze gcc compiler
mb-gcc -Wall -O0 -g3 -c -fmessage-length=0 -I../../tetris_test_bsp/microblaze_0/include -mlittle-endian -mcpu=v9.3 -mxl-soft-mul -Wl,--no-relax -ffunction-sections -fdata-sections -MMD -MP -MF"src/platform.d" -MT"src/platform.d" -o "src/platform.o" "../src/platform.c"
Finished building: ../src/platform.c
 
Building file: ../src/tetris.c
Invoking: MicroBlaze gcc compiler
mb-gcc -Wall -O0 -g3 -c -fmessage-length=0 -I../../tetris_test_bsp/microblaze_0/include -mlittle-endian -mcpu=v9.3 -mxl-soft-mul -Wl,--no-relax -ffunction-sections -fdata-sections -MMD -MP -MF"src/tetris.d" -MT"src/tetris.d" -o "src/tetris.o" "../src/tetris.c"
Finished building: ../src/tetris.c
 
Building target: tetris_test.elf
Invoking: MicroBlaze gcc linker
mb-gcc -Wl,-T -Wl,../src/lscript.ld -L../../tetris_test_bsp/microblaze_0/lib -mlittle-endian -mcpu=v9.3 -mxl-soft-mul -Wl,--no-relax -Wl,--gc-sections -o "tetris_test.elf"  ./src/platform.o ./src/tetris.o   -Wl,--start-group,-lxil,-lgcc,-lc,--end-group
/home/derek/Xilinx/SDK/2014.1/gnu/microblaze/lin/bin/../lib/gcc/microblaze-xilinx-elf/4.8.3/../../../../microblaze-xilinx-elf/bin/ld: tetris_test.elf section `.text' will not fit in region `microblaze_0_local_memory_ilmb_bram_if_cntlr_microblaze_0_local_memory_dlmb_bram_if_cntlr'
/home/derek/Xilinx/SDK/2014.1/gnu/microblaze/lin/bin/../lib/gcc/microblaze-xilinx-elf/4.8.3/../../../../microblaze-xilinx-elf/bin/ld: region `microblaze_0_local_memory_ilmb_bram_if_cntlr_microblaze_0_local_memory_dlmb_bram_if_cntlr' overflowed by 10424 bytes
collect2: error: ld returned 1 exit status
make: *** [tetris_test.elf] Error 1
00:55:38 **** Auto Build of configuration Debug for project tetris_test ****
make all 
Building file: ../src/tetris.c
Invoking: MicroBlaze gcc compiler
mb-gcc -Wall -O0 -g3 -c -fmessage-length=0 -I../../tetris_test_bsp/microblaze_0/include -mlittle-endian -mcpu=v9.3 -mxl-soft-mul -Wl,--no-relax -ffunction-sections -fdata-sections -MMD -MP -MF"src/tetris.d" -MT"src/tetris.d" -o "src/tetris.o" "../src/tetris.c"
Finished building: ../src/tetris.c
 
Building target: tetris_test.elf
Invoking: MicroBlaze gcc linker
mb-gcc -Wl,-T -Wl,../src/lscript.ld -L../../tetris_test_bsp/microblaze_0/lib -mlittle-endian -mcpu=v9.3 -mxl-soft-mul -Wl,--no-relax -Wl,--gc-sections -o "tetris_test.elf"  ./src/platform.o ./src/tetris.o   -Wl,--start-group,-lxil,-lgcc,-lc,--end-group
/home/derek/Xilinx/SDK/2014.1/gnu/microblaze/lin/bin/../lib/gcc/microblaze-xilinx-elf/4.8.3/../../../../microblaze-xilinx-elf/bin/ld: tetris_test.elf section `.text' will not fit in region `microblaze_0_local_memory_ilmb_bram_if_cntlr_microblaze_0_local_memory_dlmb_bram_if_cntlr'
/home/derek/Xilinx/SDK/2014.1/gnu/microblaze/lin/bin/../lib/gcc/microblaze-xilinx-elf/4.8.3/../../../../microblaze-xilinx-elf/bin/ld: region `microblaze_0_local_memory_ilmb_bram_if_cntlr_microblaze_0_local_memory_dlmb_bram_if_cntlr' overflowed by 10424 bytes
collect2: error: ld returned 1 exit status
make: *** [tetris_test.elf] Error 1
01:01:12 **** Auto Build of project tetris_test_bsp ****
make -k all 
Running Make include in microblaze_0/libsrc/bram_v4_0/src
make -C microblaze_0/libsrc/bram_v4_0/src -s include -e "SHELL=/bin/sh" "COMPILER=mb-gcc" "ARCHIVER=mb-ar" "COMPILER_FLAGS= -O2 -c -mcpu=v9.3 -mlittle-endian -mxl-soft-mul" "EXTRA_COMPILER_FLAGS=-g -ffunction-sections -fdata-sections"
Running Make include in microblaze_0/libsrc/cpu_v2_0/src
make -C microblaze_0/libsrc/cpu_v2_0/src -s include -e "SHELL=/bin/sh" "COMPILER=mb-gcc" "ARCHIVER=mb-ar" "COMPILER_FLAGS= -O2 -c -mcpu=v9.3 -mlittle-endian -mxl-soft-mul" "EXTRA_COMPILER_FLAGS=-g -ffunction-sections -fdata-sections"
Running Make include in microblaze_0/libsrc/intc_v3_0/src
make -C microblaze_0/libsrc/intc_v3_0/src -s include -e "SHELL=/bin/sh" "COMPILER=mb-gcc" "ARCHIVER=mb-ar" "COMPILER_FLAGS= -O2 -c -mcpu=v9.3 -mlittle-endian -mxl-soft-mul" "EXTRA_COMPILER_FLAGS=-g -ffunction-sections -fdata-sections"
Running Make include in microblaze_0/libsrc/standalone_v4_0/src
make -C microblaze_0/libsrc/standalone_v4_0/src -s include -e "SHELL=/bin/sh" "COMPILER=mb-gcc" "ARCHIVER=mb-ar" "COMPILER_FLAGS= -O2 -c -mcpu=v9.3 -mlittle-endian -mxl-soft-mul" "EXTRA_COMPILER_FLAGS=-g -ffunction-sections -fdata-sections"
make[2]: Entering directory `/home/derek/Documents/year_4/ECE532/git/ece352/designs/tetris_test/tetris_test.sdk/SDK/SDK_Export/tetris_test_bsp/microblaze_0/libsrc/standalone_v4_0/src/profile'
cp -rf profile.h mblaze_nt_types.h _profile_timer_hw.h ../../../../include
make[2]: Leaving directory `/home/derek/Documents/year_4/ECE532/git/ece352/designs/tetris_test/tetris_test.sdk/SDK/SDK_Export/tetris_test_bsp/microblaze_0/libsrc/standalone_v4_0/src/profile'
Running Make include in microblaze_0/libsrc/uartlite_v3_0/src
make -C microblaze_0/libsrc/uartlite_v3_0/src -s include -e "SHELL=/bin/sh" "COMPILER=mb-gcc" "ARCHIVER=mb-ar" "COMPILER_FLAGS= -O2 -c -mcpu=v9.3 -mlittle-endian -mxl-soft-mul" "EXTRA_COMPILER_FLAGS=-g -ffunction-sections -fdata-sections"
Running Make libs in microblaze_0/libsrc/bram_v4_0/src
make -C microblaze_0/libsrc/bram_v4_0/src -s libs -e "SHELL=/bin/sh" "COMPILER=mb-gcc" "ARCHIVER=mb-ar" "COMPILER_FLAGS= -O2 -c -mcpu=v9.3 -mlittle-endian -mxl-soft-mul" "EXTRA_COMPILER_FLAGS=-g -ffunction-sections -fdata-sections"
Compiling bram
make[2]: Entering directory `/home/derek/Documents/year_4/ECE532/git/ece352/designs/tetris_test/tetris_test.sdk/SDK/SDK_Export/tetris_test_bsp/microblaze_0/libsrc/bram_v4_0/src'
rm -rf *.o 
make[2]: Leaving directory `/home/derek/Documents/year_4/ECE532/git/ece352/designs/tetris_test/tetris_test.sdk/SDK/SDK_Export/tetris_test_bsp/microblaze_0/libsrc/bram_v4_0/src'
Running Make libs in microblaze_0/libsrc/cpu_v2_0/src
make -C microblaze_0/libsrc/cpu_v2_0/src -s libs -e "SHELL=/bin/sh" "COMPILER=mb-gcc" "ARCHIVER=mb-ar" "COMPILER_FLAGS= -O2 -c -mcpu=v9.3 -mlittle-endian -mxl-soft-mul" "EXTRA_COMPILER_FLAGS=-g -ffunction-sections -fdata-sections"
Compiling cpu
make[2]: Entering directory `/home/derek/Documents/year_4/ECE532/git/ece352/designs/tetris_test/tetris_test.sdk/SDK/SDK_Export/tetris_test_bsp/microblaze_0/libsrc/cpu_v2_0/src'
rm -rf *.o
make[2]: Leaving directory `/home/derek/Documents/year_4/ECE532/git/ece352/designs/tetris_test/tetris_test.sdk/SDK/SDK_Export/tetris_test_bsp/microblaze_0/libsrc/cpu_v2_0/src'
Running Make libs in microblaze_0/libsrc/intc_v3_0/src
make -C microblaze_0/libsrc/intc_v3_0/src -s libs -e "SHELL=/bin/sh" "COMPILER=mb-gcc" "ARCHIVER=mb-ar" "COMPILER_FLAGS= -O2 -c -mcpu=v9.3 -mlittle-endian -mxl-soft-mul" "EXTRA_COMPILER_FLAGS=-g -ffunction-sections -fdata-sections"
Compiling intc
make[2]: Entering directory `/home/derek/Documents/year_4/ECE532/git/ece352/designs/tetris_test/tetris_test.sdk/SDK/SDK_Export/tetris_test_bsp/microblaze_0/libsrc/intc_v3_0/src'
rm -rf *.o 
make[2]: Leaving directory `/home/derek/Documents/year_4/ECE532/git/ece352/designs/tetris_test/tetris_test.sdk/SDK/SDK_Export/tetris_test_bsp/microblaze_0/libsrc/intc_v3_0/src'
Running Make libs in microblaze_0/libsrc/standalone_v4_0/src
make -C microblaze_0/libsrc/standalone_v4_0/src -s libs -e "SHELL=/bin/sh" "COMPILER=mb-gcc" "ARCHIVER=mb-ar" "COMPILER_FLAGS= -O2 -c -mcpu=v9.3 -mlittle-endian -mxl-soft-mul" "EXTRA_COMPILER_FLAGS=-g -ffunction-sections -fdata-sections"
Compiling standalone
Running Make libs in microblaze_0/libsrc/uartlite_v3_0/src
make -C microblaze_0/libsrc/uartlite_v3_0/src -s libs -e "SHELL=/bin/sh" "COMPILER=mb-gcc" "ARCHIVER=mb-ar" "COMPILER_FLAGS= -O2 -c -mcpu=v9.3 -mlittle-endian -mxl-soft-mul" "EXTRA_COMPILER_FLAGS=-g -ffunction-sections -fdata-sections"
Compiling uartlite
make[2]: Entering directory `/home/derek/Documents/year_4/ECE532/git/ece352/designs/tetris_test/tetris_test.sdk/SDK/SDK_Export/tetris_test_bsp/microblaze_0/libsrc/uartlite_v3_0/src'
rm -rf *.o 
make[2]: Leaving directory `/home/derek/Documents/year_4/ECE532/git/ece352/designs/tetris_test/tetris_test.sdk/SDK/SDK_Export/tetris_test_bsp/microblaze_0/libsrc/uartlite_v3_0/src'
Finished building libraries
01:01:14 **** Auto Build of configuration Debug for project tetris_test ****
make all 
Building target: tetris_test.elf
Invoking: MicroBlaze gcc linker
mb-gcc -Wl,-T -Wl,../src/lscript.ld -L../../tetris_test_bsp/microblaze_0/lib -mlittle-endian -mcpu=v9.3 -mxl-soft-mul -Wl,--no-relax -Wl,--gc-sections -o "tetris_test.elf"  ./src/platform.o ./src/tetris.o   -Wl,--start-group,-lxil,-lgcc,-lc,--end-group
/home/derek/Xilinx/SDK/2014.1/gnu/microblaze/lin/bin/../lib/gcc/microblaze-xilinx-elf/4.8.3/../../../../microblaze-xilinx-elf/bin/ld: tetris_test.elf section `.text' will not fit in region `microblaze_0_local_memory_ilmb_bram_if_cntlr_microblaze_0_local_memory_dlmb_bram_if_cntlr'
/home/derek/Xilinx/SDK/2014.1/gnu/microblaze/lin/bin/../lib/gcc/microblaze-xilinx-elf/4.8.3/../../../../microblaze-xilinx-elf/bin/ld: region `microblaze_0_local_memory_ilmb_bram_if_cntlr_microblaze_0_local_memory_dlmb_bram_if_cntlr' overflowed by 10424 bytes
collect2: error: ld returned 1 exit status
make: *** [tetris_test.elf] Error 1
01:01:17 **** Clean-only build of project tetris_test_bsp ****
make -k clean 
rm -f microblaze_0/lib/libxil.a
01:01:17 **** Clean-only build of configuration Debug for project tetris_test ****
make clean 
rm -rf  ./src/platform.o ./src/tetris.o  ./src/platform.d ./src/tetris.d  tetris_test.elf.size  tetris_test.elf
 
01:01:17 **** Build of project tetris_test_bsp ****
make -k all 
cp -f microblaze_0/lib/libxil_init.a microblaze_0/lib/libxil.a
Running Make include in microblaze_0/libsrc/bram_v4_0/src
make -C microblaze_0/libsrc/bram_v4_0/src -s include -e "SHELL=/bin/sh" "COMPILER=mb-gcc" "ARCHIVER=mb-ar" "COMPILER_FLAGS= -O2 -c -mcpu=v9.3 -mlittle-endian -mxl-soft-mul" "EXTRA_COMPILER_FLAGS=-g -ffunction-sections -fdata-sections"
Running Make include in microblaze_0/libsrc/cpu_v2_0/src
make -C microblaze_0/libsrc/cpu_v2_0/src -s include -e "SHELL=/bin/sh" "COMPILER=mb-gcc" "ARCHIVER=mb-ar" "COMPILER_FLAGS= -O2 -c -mcpu=v9.3 -mlittle-endian -mxl-soft-mul" "EXTRA_COMPILER_FLAGS=-g -ffunction-sections -fdata-sections"
Running Make include in microblaze_0/libsrc/intc_v3_0/src
make -C microblaze_0/libsrc/intc_v3_0/src -s include -e "SHELL=/bin/sh" "COMPILER=mb-gcc" "ARCHIVER=mb-ar" "COMPILER_FLAGS= -O2 -c -mcpu=v9.3 -mlittle-endian -mxl-soft-mul" "EXTRA_COMPILER_FLAGS=-g -ffunction-sections -fdata-sections"
Running Make include in microblaze_0/libsrc/standalone_v4_0/src
make -C microblaze_0/libsrc/standalone_v4_0/src -s include -e "SHELL=/bin/sh" "COMPILER=mb-gcc" "ARCHIVER=mb-ar" "COMPILER_FLAGS= -O2 -c -mcpu=v9.3 -mlittle-endian -mxl-soft-mul" "EXTRA_COMPILER_FLAGS=-g -ffunction-sections -fdata-sections"
make[2]: Entering directory `/home/derek/Documents/year_4/ECE532/git/ece352/designs/tetris_test/tetris_test.sdk/SDK/SDK_Export/tetris_test_bsp/microblaze_0/libsrc/standalone_v4_0/src/profile'
cp -rf profile.h mblaze_nt_types.h _profile_timer_hw.h ../../../../include
make[2]: Leaving directory `/home/derek/Documents/year_4/ECE532/git/ece352/designs/tetris_test/tetris_test.sdk/SDK/SDK_Export/tetris_test_bsp/microblaze_0/libsrc/standalone_v4_0/src/profile'
Running Make include in microblaze_0/libsrc/uartlite_v3_0/src
make -C microblaze_0/libsrc/uartlite_v3_0/src -s include -e "SHELL=/bin/sh" "COMPILER=mb-gcc" "ARCHIVER=mb-ar" "COMPILER_FLAGS= -O2 -c -mcpu=v9.3 -mlittle-endian -mxl-soft-mul" "EXTRA_COMPILER_FLAGS=-g -ffunction-sections -fdata-sections"
Running Make libs in microblaze_0/libsrc/bram_v4_0/src
make -C microblaze_0/libsrc/bram_v4_0/src -s libs -e "SHELL=/bin/sh" "COMPILER=mb-gcc" "ARCHIVER=mb-ar" "COMPILER_FLAGS= -O2 -c -mcpu=v9.3 -mlittle-endian -mxl-soft-mul" "EXTRA_COMPILER_FLAGS=-g -ffunction-sections -fdata-sections"
Compiling bram
make[2]: Entering directory `/home/derek/Documents/year_4/ECE532/git/ece352/designs/tetris_test/tetris_test.sdk/SDK/SDK_Export/tetris_test_bsp/microblaze_0/libsrc/bram_v4_0/src'
rm -rf *.o 
make[2]: Leaving directory `/home/derek/Documents/year_4/ECE532/git/ece352/designs/tetris_test/tetris_test.sdk/SDK/SDK_Export/tetris_test_bsp/microblaze_0/libsrc/bram_v4_0/src'
Running Make libs in microblaze_0/libsrc/cpu_v2_0/src
make -C microblaze_0/libsrc/cpu_v2_0/src -s libs -e "SHELL=/bin/sh" "COMPILER=mb-gcc" "ARCHIVER=mb-ar" "COMPILER_FLAGS= -O2 -c -mcpu=v9.3 -mlittle-endian -mxl-soft-mul" "EXTRA_COMPILER_FLAGS=-g -ffunction-sections -fdata-sections"
Compiling cpu
make[2]: Entering directory `/home/derek/Documents/year_4/ECE532/git/ece352/designs/tetris_test/tetris_test.sdk/SDK/SDK_Export/tetris_test_bsp/microblaze_0/libsrc/cpu_v2_0/src'
rm -rf *.o
make[2]: Leaving directory `/home/derek/Documents/year_4/ECE532/git/ece352/designs/tetris_test/tetris_test.sdk/SDK/SDK_Export/tetris_test_bsp/microblaze_0/libsrc/cpu_v2_0/src'
Running Make libs in microblaze_0/libsrc/intc_v3_0/src
make -C microblaze_0/libsrc/intc_v3_0/src -s libs -e "SHELL=/bin/sh" "COMPILER=mb-gcc" "ARCHIVER=mb-ar" "COMPILER_FLAGS= -O2 -c -mcpu=v9.3 -mlittle-endian -mxl-soft-mul" "EXTRA_COMPILER_FLAGS=-g -ffunction-sections -fdata-sections"
Compiling intc
make[2]: Entering directory `/home/derek/Documents/year_4/ECE532/git/ece352/designs/tetris_test/tetris_test.sdk/SDK/SDK_Export/tetris_test_bsp/microblaze_0/libsrc/intc_v3_0/src'
rm -rf *.o 
make[2]: Leaving directory `/home/derek/Documents/year_4/ECE532/git/ece352/designs/tetris_test/tetris_test.sdk/SDK/SDK_Export/tetris_test_bsp/microblaze_0/libsrc/intc_v3_0/src'
Running Make libs in microblaze_0/libsrc/standalone_v4_0/src
make -C microblaze_0/libsrc/standalone_v4_0/src -s libs -e "SHELL=/bin/sh" "COMPILER=mb-gcc" "ARCHIVER=mb-ar" "COMPILER_FLAGS= -O2 -c -mcpu=v9.3 -mlittle-endian -mxl-soft-mul" "EXTRA_COMPILER_FLAGS=-g -ffunction-sections -fdata-sections"
Compiling standalone
Running Make libs in microblaze_0/libsrc/uartlite_v3_0/src
make -C microblaze_0/libsrc/uartlite_v3_0/src -s libs -e "SHELL=/bin/sh" "COMPILER=mb-gcc" "ARCHIVER=mb-ar" "COMPILER_FLAGS= -O2 -c -mcpu=v9.3 -mlittle-endian -mxl-soft-mul" "EXTRA_COMPILER_FLAGS=-g -ffunction-sections -fdata-sections"
Compiling uartlite
make[2]: Entering directory `/home/derek/Documents/year_4/ECE532/git/ece352/designs/tetris_test/tetris_test.sdk/SDK/SDK_Export/tetris_test_bsp/microblaze_0/libsrc/uartlite_v3_0/src'
rm -rf *.o 
make[2]: Leaving directory `/home/derek/Documents/year_4/ECE532/git/ece352/designs/tetris_test/tetris_test.sdk/SDK/SDK_Export/tetris_test_bsp/microblaze_0/libsrc/uartlite_v3_0/src'
Finished building libraries
01:01:18 **** Build of configuration Debug for project tetris_test ****
make all 
Building file: ../src/platform.c
Invoking: MicroBlaze gcc compiler
mb-gcc -Wall -O0 -g3 -c -fmessage-length=0 -I../../tetris_test_bsp/microblaze_0/include -mlittle-endian -mcpu=v9.3 -mxl-soft-mul -Wl,--no-relax -ffunction-sections -fdata-sections -MMD -MP -MF"src/platform.d" -MT"src/platform.d" -o "src/platform.o" "../src/platform.c"
Finished building: ../src/platform.c
 
Building file: ../src/tetris.c
Invoking: MicroBlaze gcc compiler
mb-gcc -Wall -O0 -g3 -c -fmessage-length=0 -I../../tetris_test_bsp/microblaze_0/include -mlittle-endian -mcpu=v9.3 -mxl-soft-mul -Wl,--no-relax -ffunction-sections -fdata-sections -MMD -MP -MF"src/tetris.d" -MT"src/tetris.d" -o "src/tetris.o" "../src/tetris.c"
Finished building: ../src/tetris.c
 
Building target: tetris_test.elf
Invoking: MicroBlaze gcc linker
mb-gcc -Wl,-T -Wl,../src/lscript.ld -L../../tetris_test_bsp/microblaze_0/lib -mlittle-endian -mcpu=v9.3 -mxl-soft-mul -Wl,--no-relax -Wl,--gc-sections -o "tetris_test.elf"  ./src/platform.o ./src/tetris.o   -Wl,--start-group,-lxil,-lgcc,-lc,--end-group
/home/derek/Xilinx/SDK/2014.1/gnu/microblaze/lin/bin/../lib/gcc/microblaze-xilinx-elf/4.8.3/../../../../microblaze-xilinx-elf/bin/ld: tetris_test.elf section `.text' will not fit in region `microblaze_0_local_memory_ilmb_bram_if_cntlr_microblaze_0_local_memory_dlmb_bram_if_cntlr'
/home/derek/Xilinx/SDK/2014.1/gnu/microblaze/lin/bin/../lib/gcc/microblaze-xilinx-elf/4.8.3/../../../../microblaze-xilinx-elf/bin/ld: region `microblaze_0_local_memory_ilmb_bram_if_cntlr_microblaze_0_local_memory_dlmb_bram_if_cntlr' overflowed by 10424 bytes
collect2: error: ld returned 1 exit status
make: *** [tetris_test.elf] Error 1
01:06:01 **** Auto Build of project tetris_test_bsp ****
make -k all 
cp -f microblaze_0/lib/libxil_init.a microblaze_0/lib/libxil.a
Running Make include in microblaze_0/libsrc/bram_v4_0/src
make -C microblaze_0/libsrc/bram_v4_0/src -s include -e "SHELL=/bin/sh" "COMPILER=mb-gcc" "ARCHIVER=mb-ar" "COMPILER_FLAGS= -O2 -c -mcpu=v9.3 -mlittle-endian -mxl-soft-mul" "EXTRA_COMPILER_FLAGS=-g -ffunction-sections -fdata-sections"
Running Make include in microblaze_0/libsrc/cpu_v2_0/src
make -C microblaze_0/libsrc/cpu_v2_0/src -s include -e "SHELL=/bin/sh" "COMPILER=mb-gcc" "ARCHIVER=mb-ar" "COMPILER_FLAGS= -O2 -c -mcpu=v9.3 -mlittle-endian -mxl-soft-mul" "EXTRA_COMPILER_FLAGS=-g -ffunction-sections -fdata-sections"
Running Make include in microblaze_0/libsrc/intc_v3_0/src
make -C microblaze_0/libsrc/intc_v3_0/src -s include -e "SHELL=/bin/sh" "COMPILER=mb-gcc" "ARCHIVER=mb-ar" "COMPILER_FLAGS= -O2 -c -mcpu=v9.3 -mlittle-endian -mxl-soft-mul" "EXTRA_COMPILER_FLAGS=-g -ffunction-sections -fdata-sections"
Running Make include in microblaze_0/libsrc/standalone_v4_0/src
make -C microblaze_0/libsrc/standalone_v4_0/src -s include -e "SHELL=/bin/sh" "COMPILER=mb-gcc" "ARCHIVER=mb-ar" "COMPILER_FLAGS= -O2 -c -mcpu=v9.3 -mlittle-endian -mxl-soft-mul" "EXTRA_COMPILER_FLAGS=-g -ffunction-sections -fdata-sections"
make[2]: Entering directory `/home/derek/Documents/year_4/ECE532/git/ece352/designs/tetris_test/tetris_test.sdk/SDK/SDK_Export/tetris_test_bsp/microblaze_0/libsrc/standalone_v4_0/src/profile'
cp -rf profile.h mblaze_nt_types.h _profile_timer_hw.h ../../../../include
make[2]: Leaving directory `/home/derek/Documents/year_4/ECE532/git/ece352/designs/tetris_test/tetris_test.sdk/SDK/SDK_Export/tetris_test_bsp/microblaze_0/libsrc/standalone_v4_0/src/profile'
Running Make include in microblaze_0/libsrc/uartlite_v3_0/src
make -C microblaze_0/libsrc/uartlite_v3_0/src -s include -e "SHELL=/bin/sh" "COMPILER=mb-gcc" "ARCHIVER=mb-ar" "COMPILER_FLAGS= -O2 -c -mcpu=v9.3 -mlittle-endian -mxl-soft-mul" "EXTRA_COMPILER_FLAGS=-g -ffunction-sections -fdata-sections"
Running Make libs in microblaze_0/libsrc/bram_v4_0/src
make -C microblaze_0/libsrc/bram_v4_0/src -s libs -e "SHELL=/bin/sh" "COMPILER=mb-gcc" "ARCHIVER=mb-ar" "COMPILER_FLAGS= -O2 -c -mcpu=v9.3 -mlittle-endian -mxl-soft-mul" "EXTRA_COMPILER_FLAGS=-g -ffunction-sections -fdata-sections"
Compiling bram
make[2]: Entering directory `/home/derek/Documents/year_4/ECE532/git/ece352/designs/tetris_test/tetris_test.sdk/SDK/SDK_Export/tetris_test_bsp/microblaze_0/libsrc/bram_v4_0/src'
rm -rf *.o 
make[2]: Leaving directory `/home/derek/Documents/year_4/ECE532/git/ece352/designs/tetris_test/tetris_test.sdk/SDK/SDK_Export/tetris_test_bsp/microblaze_0/libsrc/bram_v4_0/src'
Running Make libs in microblaze_0/libsrc/cpu_v2_0/src
make -C microblaze_0/libsrc/cpu_v2_0/src -s libs -e "SHELL=/bin/sh" "COMPILER=mb-gcc" "ARCHIVER=mb-ar" "COMPILER_FLAGS= -O2 -c -mcpu=v9.3 -mlittle-endian -mxl-soft-mul" "EXTRA_COMPILER_FLAGS=-g -ffunction-sections -fdata-sections"
Compiling cpu
make[2]: Entering directory `/home/derek/Documents/year_4/ECE532/git/ece352/designs/tetris_test/tetris_test.sdk/SDK/SDK_Export/tetris_test_bsp/microblaze_0/libsrc/cpu_v2_0/src'
rm -rf *.o
make[2]: Leaving directory `/home/derek/Documents/year_4/ECE532/git/ece352/designs/tetris_test/tetris_test.sdk/SDK/SDK_Export/tetris_test_bsp/microblaze_0/libsrc/cpu_v2_0/src'
Running Make libs in microblaze_0/libsrc/intc_v3_0/src
make -C microblaze_0/libsrc/intc_v3_0/src -s libs -e "SHELL=/bin/sh" "COMPILER=mb-gcc" "ARCHIVER=mb-ar" "COMPILER_FLAGS= -O2 -c -mcpu=v9.3 -mlittle-endian -mxl-soft-mul" "EXTRA_COMPILER_FLAGS=-g -ffunction-sections -fdata-sections"
Compiling intc
make[2]: Entering directory `/home/derek/Documents/year_4/ECE532/git/ece352/designs/tetris_test/tetris_test.sdk/SDK/SDK_Export/tetris_test_bsp/microblaze_0/libsrc/intc_v3_0/src'
rm -rf *.o 
make[2]: Leaving directory `/home/derek/Documents/year_4/ECE532/git/ece352/designs/tetris_test/tetris_test.sdk/SDK/SDK_Export/tetris_test_bsp/microblaze_0/libsrc/intc_v3_0/src'
Running Make libs in microblaze_0/libsrc/standalone_v4_0/src
make -C microblaze_0/libsrc/standalone_v4_0/src -s libs -e "SHELL=/bin/sh" "COMPILER=mb-gcc" "ARCHIVER=mb-ar" "COMPILER_FLAGS= -O2 -c -mcpu=v9.3 -mlittle-endian -mxl-soft-mul" "EXTRA_COMPILER_FLAGS=-g -ffunction-sections -fdata-sections"
Compiling standalone
Running Make libs in microblaze_0/libsrc/uartlite_v3_0/src
make -C microblaze_0/libsrc/uartlite_v3_0/src -s libs -e "SHELL=/bin/sh" "COMPILER=mb-gcc" "ARCHIVER=mb-ar" "COMPILER_FLAGS= -O2 -c -mcpu=v9.3 -mlittle-endian -mxl-soft-mul" "EXTRA_COMPILER_FLAGS=-g -ffunction-sections -fdata-sections"
Compiling uartlite
make[2]: Entering directory `/home/derek/Documents/year_4/ECE532/git/ece352/designs/tetris_test/tetris_test.sdk/SDK/SDK_Export/tetris_test_bsp/microblaze_0/libsrc/uartlite_v3_0/src'
rm -rf *.o 
make[2]: Leaving directory `/home/derek/Documents/year_4/ECE532/git/ece352/designs/tetris_test/tetris_test.sdk/SDK/SDK_Export/tetris_test_bsp/microblaze_0/libsrc/uartlite_v3_0/src'
Finished building libraries
01:06:02 **** Auto Build of configuration Debug for project tetris_test ****
make all 
Building target: tetris_test.elf
Invoking: MicroBlaze gcc linker
mb-gcc -Wl,-T -Wl,../src/lscript.ld -L../../tetris_test_bsp/microblaze_0/lib -mlittle-endian -mcpu=v9.3 -mxl-soft-mul -Wl,--no-relax -Wl,--gc-sections -o "tetris_test.elf"  ./src/platform.o ./src/tetris.o   -Wl,--start-group,-lxil,-lgcc,-lc,--end-group
/home/derek/Xilinx/SDK/2014.1/gnu/microblaze/lin/bin/../lib/gcc/microblaze-xilinx-elf/4.8.3/../../../../microblaze-xilinx-elf/bin/ld: tetris_test.elf section `.text' will not fit in region `microblaze_0_local_memory_ilmb_bram_if_cntlr_microblaze_0_local_memory_dlmb_bram_if_cntlr'
/home/derek/Xilinx/SDK/2014.1/gnu/microblaze/lin/bin/../lib/gcc/microblaze-xilinx-elf/4.8.3/../../../../microblaze-xilinx-elf/bin/ld: region `microblaze_0_local_memory_ilmb_bram_if_cntlr_microblaze_0_local_memory_dlmb_bram_if_cntlr' overflowed by 10424 bytes
collect2: error: ld returned 1 exit status
make: *** [tetris_test.elf] Error 1
01:06:08 **** Clean-only build of configuration Debug for project tetris_test ****
make clean 
rm -rf  ./src/platform.o ./src/tetris.o  ./src/platform.d ./src/tetris.d  tetris_test.elf.size  tetris_test.elf
 
01:06:08 **** Clean-only build of project tetris_test_bsp ****
make -k clean 
rm -f microblaze_0/lib/libxil.a
01:06:08 **** Build of project tetris_test_bsp ****
make -k all 
cp -f microblaze_0/lib/libxil_init.a microblaze_0/lib/libxil.a
Running Make include in microblaze_0/libsrc/bram_v4_0/src
make -C microblaze_0/libsrc/bram_v4_0/src -s include -e "SHELL=/bin/sh" "COMPILER=mb-gcc" "ARCHIVER=mb-ar" "COMPILER_FLAGS= -O2 -c -mcpu=v9.3 -mlittle-endian -mxl-soft-mul" "EXTRA_COMPILER_FLAGS=-g -ffunction-sections -fdata-sections"
Running Make include in microblaze_0/libsrc/cpu_v2_0/src
make -C microblaze_0/libsrc/cpu_v2_0/src -s include -e "SHELL=/bin/sh" "COMPILER=mb-gcc" "ARCHIVER=mb-ar" "COMPILER_FLAGS= -O2 -c -mcpu=v9.3 -mlittle-endian -mxl-soft-mul" "EXTRA_COMPILER_FLAGS=-g -ffunction-sections -fdata-sections"
Running Make include in microblaze_0/libsrc/intc_v3_0/src
make -C microblaze_0/libsrc/intc_v3_0/src -s include -e "SHELL=/bin/sh" "COMPILER=mb-gcc" "ARCHIVER=mb-ar" "COMPILER_FLAGS= -O2 -c -mcpu=v9.3 -mlittle-endian -mxl-soft-mul" "EXTRA_COMPILER_FLAGS=-g -ffunction-sections -fdata-sections"
Running Make include in microblaze_0/libsrc/standalone_v4_0/src
make -C microblaze_0/libsrc/standalone_v4_0/src -s include -e "SHELL=/bin/sh" "COMPILER=mb-gcc" "ARCHIVER=mb-ar" "COMPILER_FLAGS= -O2 -c -mcpu=v9.3 -mlittle-endian -mxl-soft-mul" "EXTRA_COMPILER_FLAGS=-g -ffunction-sections -fdata-sections"
make[2]: Entering directory `/home/derek/Documents/year_4/ECE532/git/ece352/designs/tetris_test/tetris_test.sdk/SDK/SDK_Export/tetris_test_bsp/microblaze_0/libsrc/standalone_v4_0/src/profile'
cp -rf profile.h mblaze_nt_types.h _profile_timer_hw.h ../../../../include
make[2]: Leaving directory `/home/derek/Documents/year_4/ECE532/git/ece352/designs/tetris_test/tetris_test.sdk/SDK/SDK_Export/tetris_test_bsp/microblaze_0/libsrc/standalone_v4_0/src/profile'
Running Make include in microblaze_0/libsrc/uartlite_v3_0/src
make -C microblaze_0/libsrc/uartlite_v3_0/src -s include -e "SHELL=/bin/sh" "COMPILER=mb-gcc" "ARCHIVER=mb-ar" "COMPILER_FLAGS= -O2 -c -mcpu=v9.3 -mlittle-endian -mxl-soft-mul" "EXTRA_COMPILER_FLAGS=-g -ffunction-sections -fdata-sections"
Running Make libs in microblaze_0/libsrc/bram_v4_0/src
make -C microblaze_0/libsrc/bram_v4_0/src -s libs -e "SHELL=/bin/sh" "COMPILER=mb-gcc" "ARCHIVER=mb-ar" "COMPILER_FLAGS= -O2 -c -mcpu=v9.3 -mlittle-endian -mxl-soft-mul" "EXTRA_COMPILER_FLAGS=-g -ffunction-sections -fdata-sections"
Compiling bram
make[2]: Entering directory `/home/derek/Documents/year_4/ECE532/git/ece352/designs/tetris_test/tetris_test.sdk/SDK/SDK_Export/tetris_test_bsp/microblaze_0/libsrc/bram_v4_0/src'
rm -rf *.o 
make[2]: Leaving directory `/home/derek/Documents/year_4/ECE532/git/ece352/designs/tetris_test/tetris_test.sdk/SDK/SDK_Export/tetris_test_bsp/microblaze_0/libsrc/bram_v4_0/src'
Running Make libs in microblaze_0/libsrc/cpu_v2_0/src
make -C microblaze_0/libsrc/cpu_v2_0/src -s libs -e "SHELL=/bin/sh" "COMPILER=mb-gcc" "ARCHIVER=mb-ar" "COMPILER_FLAGS= -O2 -c -mcpu=v9.3 -mlittle-endian -mxl-soft-mul" "EXTRA_COMPILER_FLAGS=-g -ffunction-sections -fdata-sections"
Compiling cpu
make[2]: Entering directory `/home/derek/Documents/year_4/ECE532/git/ece352/designs/tetris_test/tetris_test.sdk/SDK/SDK_Export/tetris_test_bsp/microblaze_0/libsrc/cpu_v2_0/src'
rm -rf *.o
make[2]: Leaving directory `/home/derek/Documents/year_4/ECE532/git/ece352/designs/tetris_test/tetris_test.sdk/SDK/SDK_Export/tetris_test_bsp/microblaze_0/libsrc/cpu_v2_0/src'
Running Make libs in microblaze_0/libsrc/intc_v3_0/src
make -C microblaze_0/libsrc/intc_v3_0/src -s libs -e "SHELL=/bin/sh" "COMPILER=mb-gcc" "ARCHIVER=mb-ar" "COMPILER_FLAGS= -O2 -c -mcpu=v9.3 -mlittle-endian -mxl-soft-mul" "EXTRA_COMPILER_FLAGS=-g -ffunction-sections -fdata-sections"
Compiling intc
make[2]: Entering directory `/home/derek/Documents/year_4/ECE532/git/ece352/designs/tetris_test/tetris_test.sdk/SDK/SDK_Export/tetris_test_bsp/microblaze_0/libsrc/intc_v3_0/src'
rm -rf *.o 
make[2]: Leaving directory `/home/derek/Documents/year_4/ECE532/git/ece352/designs/tetris_test/tetris_test.sdk/SDK/SDK_Export/tetris_test_bsp/microblaze_0/libsrc/intc_v3_0/src'
Running Make libs in microblaze_0/libsrc/standalone_v4_0/src
make -C microblaze_0/libsrc/standalone_v4_0/src -s libs -e "SHELL=/bin/sh" "COMPILER=mb-gcc" "ARCHIVER=mb-ar" "COMPILER_FLAGS= -O2 -c -mcpu=v9.3 -mlittle-endian -mxl-soft-mul" "EXTRA_COMPILER_FLAGS=-g -ffunction-sections -fdata-sections"
Compiling standalone
Running Make libs in microblaze_0/libsrc/uartlite_v3_0/src
make -C microblaze_0/libsrc/uartlite_v3_0/src -s libs -e "SHELL=/bin/sh" "COMPILER=mb-gcc" "ARCHIVER=mb-ar" "COMPILER_FLAGS= -O2 -c -mcpu=v9.3 -mlittle-endian -mxl-soft-mul" "EXTRA_COMPILER_FLAGS=-g -ffunction-sections -fdata-sections"
Compiling uartlite
make[2]: Entering directory `/home/derek/Documents/year_4/ECE532/git/ece352/designs/tetris_test/tetris_test.sdk/SDK/SDK_Export/tetris_test_bsp/microblaze_0/libsrc/uartlite_v3_0/src'
rm -rf *.o 
make[2]: Leaving directory `/home/derek/Documents/year_4/ECE532/git/ece352/designs/tetris_test/tetris_test.sdk/SDK/SDK_Export/tetris_test_bsp/microblaze_0/libsrc/uartlite_v3_0/src'
Finished building libraries
01:06:09 **** Build of configuration Debug for project tetris_test ****
make all 
Building file: ../src/platform.c
Invoking: MicroBlaze gcc compiler
mb-gcc -Wall -O0 -g3 -c -fmessage-length=0 -I../../tetris_test_bsp/microblaze_0/include -mlittle-endian -mcpu=v9.3 -mxl-soft-mul -Wl,--no-relax -ffunction-sections -fdata-sections -MMD -MP -MF"src/platform.d" -MT"src/platform.d" -o "src/platform.o" "../src/platform.c"
Finished building: ../src/platform.c
 
Building file: ../src/tetris.c
Invoking: MicroBlaze gcc compiler
mb-gcc -Wall -O0 -g3 -c -fmessage-length=0 -I../../tetris_test_bsp/microblaze_0/include -mlittle-endian -mcpu=v9.3 -mxl-soft-mul -Wl,--no-relax -ffunction-sections -fdata-sections -MMD -MP -MF"src/tetris.d" -MT"src/tetris.d" -o "src/tetris.o" "../src/tetris.c"
Finished building: ../src/tetris.c
 
Building target: tetris_test.elf
Invoking: MicroBlaze gcc linker
mb-gcc -Wl,-T -Wl,../src/lscript.ld -L../../tetris_test_bsp/microblaze_0/lib -mlittle-endian -mcpu=v9.3 -mxl-soft-mul -Wl,--no-relax -Wl,--gc-sections -o "tetris_test.elf"  ./src/platform.o ./src/tetris.o   -Wl,--start-group,-lxil,-lgcc,-lc,--end-group
/home/derek/Xilinx/SDK/2014.1/gnu/microblaze/lin/bin/../lib/gcc/microblaze-xilinx-elf/4.8.3/../../../../microblaze-xilinx-elf/bin/ld: tetris_test.elf section `.text' will not fit in region `microblaze_0_local_memory_ilmb_bram_if_cntlr_microblaze_0_local_memory_dlmb_bram_if_cntlr'
/home/derek/Xilinx/SDK/2014.1/gnu/microblaze/lin/bin/../lib/gcc/microblaze-xilinx-elf/4.8.3/../../../../microblaze-xilinx-elf/bin/ld: region `microblaze_0_local_memory_ilmb_bram_if_cntlr_microblaze_0_local_memory_dlmb_bram_if_cntlr' overflowed by 10424 bytes
collect2: error: ld returned 1 exit status
make: *** [tetris_test.elf] Error 1
01:10:34 **** Auto Build of project tetris_test_bsp ****
make -k all 
Running Make include in microblaze_0/libsrc/bram_v4_0/src
make -C microblaze_0/libsrc/bram_v4_0/src -s include -e "SHELL=/bin/sh" "COMPILER=mb-gcc" "ARCHIVER=mb-ar" "COMPILER_FLAGS= -O2 -c -mcpu=v9.3 -mlittle-endian -mxl-soft-mul" "EXTRA_COMPILER_FLAGS=-g -ffunction-sections -fdata-sections"
Running Make include in microblaze_0/libsrc/cpu_v2_0/src
make -C microblaze_0/libsrc/cpu_v2_0/src -s include -e "SHELL=/bin/sh" "COMPILER=mb-gcc" "ARCHIVER=mb-ar" "COMPILER_FLAGS= -O2 -c -mcpu=v9.3 -mlittle-endian -mxl-soft-mul" "EXTRA_COMPILER_FLAGS=-g -ffunction-sections -fdata-sections"
Running Make include in microblaze_0/libsrc/intc_v3_0/src
make -C microblaze_0/libsrc/intc_v3_0/src -s include -e "SHELL=/bin/sh" "COMPILER=mb-gcc" "ARCHIVER=mb-ar" "COMPILER_FLAGS= -O2 -c -mcpu=v9.3 -mlittle-endian -mxl-soft-mul" "EXTRA_COMPILER_FLAGS=-g -ffunction-sections -fdata-sections"
Running Make include in microblaze_0/libsrc/standalone_v4_0/src
make -C microblaze_0/libsrc/standalone_v4_0/src -s include -e "SHELL=/bin/sh" "COMPILER=mb-gcc" "ARCHIVER=mb-ar" "COMPILER_FLAGS= -O2 -c -mcpu=v9.3 -mlittle-endian -mxl-soft-mul" "EXTRA_COMPILER_FLAGS=-g -ffunction-sections -fdata-sections"
make[2]: Entering directory `/home/derek/Documents/year_4/ECE532/git/ece352/designs/tetris_test/tetris_test.sdk/SDK/SDK_Export/tetris_test_bsp/microblaze_0/libsrc/standalone_v4_0/src/profile'
cp -rf profile.h mblaze_nt_types.h _profile_timer_hw.h ../../../../include
make[2]: Leaving directory `/home/derek/Documents/year_4/ECE532/git/ece352/designs/tetris_test/tetris_test.sdk/SDK/SDK_Export/tetris_test_bsp/microblaze_0/libsrc/standalone_v4_0/src/profile'
Running Make include in microblaze_0/libsrc/uartlite_v3_0/src
make -C microblaze_0/libsrc/uartlite_v3_0/src -s include -e "SHELL=/bin/sh" "COMPILER=mb-gcc" "ARCHIVER=mb-ar" "COMPILER_FLAGS= -O2 -c -mcpu=v9.3 -mlittle-endian -mxl-soft-mul" "EXTRA_COMPILER_FLAGS=-g -ffunction-sections -fdata-sections"
Running Make libs in microblaze_0/libsrc/bram_v4_0/src
make -C microblaze_0/libsrc/bram_v4_0/src -s libs -e "SHELL=/bin/sh" "COMPILER=mb-gcc" "ARCHIVER=mb-ar" "COMPILER_FLAGS= -O2 -c -mcpu=v9.3 -mlittle-endian -mxl-soft-mul" "EXTRA_COMPILER_FLAGS=-g -ffunction-sections -fdata-sections"
Compiling bram
make[2]: Entering directory `/home/derek/Documents/year_4/ECE532/git/ece352/designs/tetris_test/tetris_test.sdk/SDK/SDK_Export/tetris_test_bsp/microblaze_0/libsrc/bram_v4_0/src'
rm -rf *.o 
make[2]: Leaving directory `/home/derek/Documents/year_4/ECE532/git/ece352/designs/tetris_test/tetris_test.sdk/SDK/SDK_Export/tetris_test_bsp/microblaze_0/libsrc/bram_v4_0/src'
Running Make libs in microblaze_0/libsrc/cpu_v2_0/src
make -C microblaze_0/libsrc/cpu_v2_0/src -s libs -e "SHELL=/bin/sh" "COMPILER=mb-gcc" "ARCHIVER=mb-ar" "COMPILER_FLAGS= -O2 -c -mcpu=v9.3 -mlittle-endian -mxl-soft-mul" "EXTRA_COMPILER_FLAGS=-g -ffunction-sections -fdata-sections"
Compiling cpu
make[2]: Entering directory `/home/derek/Documents/year_4/ECE532/git/ece352/designs/tetris_test/tetris_test.sdk/SDK/SDK_Export/tetris_test_bsp/microblaze_0/libsrc/cpu_v2_0/src'
rm -rf *.o
make[2]: Leaving directory `/home/derek/Documents/year_4/ECE532/git/ece352/designs/tetris_test/tetris_test.sdk/SDK/SDK_Export/tetris_test_bsp/microblaze_0/libsrc/cpu_v2_0/src'
Running Make libs in microblaze_0/libsrc/intc_v3_0/src
make -C microblaze_0/libsrc/intc_v3_0/src -s libs -e "SHELL=/bin/sh" "COMPILER=mb-gcc" "ARCHIVER=mb-ar" "COMPILER_FLAGS= -O2 -c -mcpu=v9.3 -mlittle-endian -mxl-soft-mul" "EXTRA_COMPILER_FLAGS=-g -ffunction-sections -fdata-sections"
Compiling intc
make[2]: Entering directory `/home/derek/Documents/year_4/ECE532/git/ece352/designs/tetris_test/tetris_test.sdk/SDK/SDK_Export/tetris_test_bsp/microblaze_0/libsrc/intc_v3_0/src'
rm -rf *.o 
make[2]: Leaving directory `/home/derek/Documents/year_4/ECE532/git/ece352/designs/tetris_test/tetris_test.sdk/SDK/SDK_Export/tetris_test_bsp/microblaze_0/libsrc/intc_v3_0/src'
Running Make libs in microblaze_0/libsrc/standalone_v4_0/src
make -C microblaze_0/libsrc/standalone_v4_0/src -s libs -e "SHELL=/bin/sh" "COMPILER=mb-gcc" "ARCHIVER=mb-ar" "COMPILER_FLAGS= -O2 -c -mcpu=v9.3 -mlittle-endian -mxl-soft-mul" "EXTRA_COMPILER_FLAGS=-g -ffunction-sections -fdata-sections"
Compiling standalone
Running Make libs in microblaze_0/libsrc/uartlite_v3_0/src
make -C microblaze_0/libsrc/uartlite_v3_0/src -s libs -e "SHELL=/bin/sh" "COMPILER=mb-gcc" "ARCHIVER=mb-ar" "COMPILER_FLAGS= -O2 -c -mcpu=v9.3 -mlittle-endian -mxl-soft-mul" "EXTRA_COMPILER_FLAGS=-g -ffunction-sections -fdata-sections"
Compiling uartlite
make[2]: Entering directory `/home/derek/Documents/year_4/ECE532/git/ece352/designs/tetris_test/tetris_test.sdk/SDK/SDK_Export/tetris_test_bsp/microblaze_0/libsrc/uartlite_v3_0/src'
rm -rf *.o 
make[2]: Leaving directory `/home/derek/Documents/year_4/ECE532/git/ece352/designs/tetris_test/tetris_test.sdk/SDK/SDK_Export/tetris_test_bsp/microblaze_0/libsrc/uartlite_v3_0/src'
Finished building libraries
01:10:36 **** Auto Build of project tetris_test_bsp ****
make -k all 
Running Make include in microblaze_0/libsrc/bram_v4_0/src
make -C microblaze_0/libsrc/bram_v4_0/src -s include -e "SHELL=/bin/sh" "COMPILER=mb-gcc" "ARCHIVER=mb-ar" "COMPILER_FLAGS= -O2 -c -mcpu=v9.3 -mlittle-endian -mxl-soft-mul" "EXTRA_COMPILER_FLAGS=-g -ffunction-sections -fdata-sections"
Running Make include in microblaze_0/libsrc/cpu_v2_0/src
make -C microblaze_0/libsrc/cpu_v2_0/src -s include -e "SHELL=/bin/sh" "COMPILER=mb-gcc" "ARCHIVER=mb-ar" "COMPILER_FLAGS= -O2 -c -mcpu=v9.3 -mlittle-endian -mxl-soft-mul" "EXTRA_COMPILER_FLAGS=-g -ffunction-sections -fdata-sections"
Running Make include in microblaze_0/libsrc/intc_v3_0/src
make -C microblaze_0/libsrc/intc_v3_0/src -s include -e "SHELL=/bin/sh" "COMPILER=mb-gcc" "ARCHIVER=mb-ar" "COMPILER_FLAGS= -O2 -c -mcpu=v9.3 -mlittle-endian -mxl-soft-mul" "EXTRA_COMPILER_FLAGS=-g -ffunction-sections -fdata-sections"
Running Make include in microblaze_0/libsrc/standalone_v4_0/src
make -C microblaze_0/libsrc/standalone_v4_0/src -s include -e "SHELL=/bin/sh" "COMPILER=mb-gcc" "ARCHIVER=mb-ar" "COMPILER_FLAGS= -O2 -c -mcpu=v9.3 -mlittle-endian -mxl-soft-mul" "EXTRA_COMPILER_FLAGS=-g -ffunction-sections -fdata-sections"
make[2]: Entering directory `/home/derek/Documents/year_4/ECE532/git/ece352/designs/tetris_test/tetris_test.sdk/SDK/SDK_Export/tetris_test_bsp/microblaze_0/libsrc/standalone_v4_0/src/profile'
cp -rf profile.h mblaze_nt_types.h _profile_timer_hw.h ../../../../include
make[2]: Leaving directory `/home/derek/Documents/year_4/ECE532/git/ece352/designs/tetris_test/tetris_test.sdk/SDK/SDK_Export/tetris_test_bsp/microblaze_0/libsrc/standalone_v4_0/src/profile'
Running Make include in microblaze_0/libsrc/uartlite_v3_0/src
make -C microblaze_0/libsrc/uartlite_v3_0/src -s include -e "SHELL=/bin/sh" "COMPILER=mb-gcc" "ARCHIVER=mb-ar" "COMPILER_FLAGS= -O2 -c -mcpu=v9.3 -mlittle-endian -mxl-soft-mul" "EXTRA_COMPILER_FLAGS=-g -ffunction-sections -fdata-sections"
Running Make libs in microblaze_0/libsrc/bram_v4_0/src
make -C microblaze_0/libsrc/bram_v4_0/src -s libs -e "SHELL=/bin/sh" "COMPILER=mb-gcc" "ARCHIVER=mb-ar" "COMPILER_FLAGS= -O2 -c -mcpu=v9.3 -mlittle-endian -mxl-soft-mul" "EXTRA_COMPILER_FLAGS=-g -ffunction-sections -fdata-sections"
Compiling bram
make[2]: Entering directory `/home/derek/Documents/year_4/ECE532/git/ece352/designs/tetris_test/tetris_test.sdk/SDK/SDK_Export/tetris_test_bsp/microblaze_0/libsrc/bram_v4_0/src'
rm -rf *.o 
make[2]: Leaving directory `/home/derek/Documents/year_4/ECE532/git/ece352/designs/tetris_test/tetris_test.sdk/SDK/SDK_Export/tetris_test_bsp/microblaze_0/libsrc/bram_v4_0/src'
Running Make libs in microblaze_0/libsrc/cpu_v2_0/src
make -C microblaze_0/libsrc/cpu_v2_0/src -s libs -e "SHELL=/bin/sh" "COMPILER=mb-gcc" "ARCHIVER=mb-ar" "COMPILER_FLAGS= -O2 -c -mcpu=v9.3 -mlittle-endian -mxl-soft-mul" "EXTRA_COMPILER_FLAGS=-g -ffunction-sections -fdata-sections"
Compiling cpu
make[2]: Entering directory `/home/derek/Documents/year_4/ECE532/git/ece352/designs/tetris_test/tetris_test.sdk/SDK/SDK_Export/tetris_test_bsp/microblaze_0/libsrc/cpu_v2_0/src'
rm -rf *.o
make[2]: Leaving directory `/home/derek/Documents/year_4/ECE532/git/ece352/designs/tetris_test/tetris_test.sdk/SDK/SDK_Export/tetris_test_bsp/microblaze_0/libsrc/cpu_v2_0/src'
Running Make libs in microblaze_0/libsrc/intc_v3_0/src
make -C microblaze_0/libsrc/intc_v3_0/src -s libs -e "SHELL=/bin/sh" "COMPILER=mb-gcc" "ARCHIVER=mb-ar" "COMPILER_FLAGS= -O2 -c -mcpu=v9.3 -mlittle-endian -mxl-soft-mul" "EXTRA_COMPILER_FLAGS=-g -ffunction-sections -fdata-sections"
Compiling intc
make[2]: Entering directory `/home/derek/Documents/year_4/ECE532/git/ece352/designs/tetris_test/tetris_test.sdk/SDK/SDK_Export/tetris_test_bsp/microblaze_0/libsrc/intc_v3_0/src'
rm -rf *.o 
make[2]: Leaving directory `/home/derek/Documents/year_4/ECE532/git/ece352/designs/tetris_test/tetris_test.sdk/SDK/SDK_Export/tetris_test_bsp/microblaze_0/libsrc/intc_v3_0/src'
Running Make libs in microblaze_0/libsrc/standalone_v4_0/src
make -C microblaze_0/libsrc/standalone_v4_0/src -s libs -e "SHELL=/bin/sh" "COMPILER=mb-gcc" "ARCHIVER=mb-ar" "COMPILER_FLAGS= -O2 -c -mcpu=v9.3 -mlittle-endian -mxl-soft-mul" "EXTRA_COMPILER_FLAGS=-g -ffunction-sections -fdata-sections"
Compiling standalone
Running Make libs in microblaze_0/libsrc/uartlite_v3_0/src
make -C microblaze_0/libsrc/uartlite_v3_0/src -s libs -e "SHELL=/bin/sh" "COMPILER=mb-gcc" "ARCHIVER=mb-ar" "COMPILER_FLAGS= -O2 -c -mcpu=v9.3 -mlittle-endian -mxl-soft-mul" "EXTRA_COMPILER_FLAGS=-g -ffunction-sections -fdata-sections"
Compiling uartlite
make[2]: Entering directory `/home/derek/Documents/year_4/ECE532/git/ece352/designs/tetris_test/tetris_test.sdk/SDK/SDK_Export/tetris_test_bsp/microblaze_0/libsrc/uartlite_v3_0/src'
rm -rf *.o 
make[2]: Leaving directory `/home/derek/Documents/year_4/ECE532/git/ece352/designs/tetris_test/tetris_test.sdk/SDK/SDK_Export/tetris_test_bsp/microblaze_0/libsrc/uartlite_v3_0/src'
Finished building libraries
01:10:37 **** Auto Build of configuration Debug for project tetris_test ****
make all 
Building target: tetris_test.elf
Invoking: MicroBlaze gcc linker
mb-gcc -Wl,-T -Wl,../src/lscript.ld -L../../tetris_test_bsp/microblaze_0/lib -mlittle-endian -mcpu=v9.3 -mxl-soft-mul -Wl,--no-relax -Wl,--gc-sections -o "tetris_test.elf"  ./src/platform.o ./src/tetris.o   -Wl,--start-group,-lxil,-lgcc,-lc,--end-group
/home/derek/Xilinx/SDK/2014.1/gnu/microblaze/lin/bin/../lib/gcc/microblaze-xilinx-elf/4.8.3/../../../../microblaze-xilinx-elf/bin/ld: tetris_test.elf section `.text' will not fit in region `microblaze_0_local_memory_ilmb_bram_if_cntlr_microblaze_0_local_memory_dlmb_bram_if_cntlr'
/home/derek/Xilinx/SDK/2014.1/gnu/microblaze/lin/bin/../lib/gcc/microblaze-xilinx-elf/4.8.3/../../../../microblaze-xilinx-elf/bin/ld: region `microblaze_0_local_memory_ilmb_bram_if_cntlr_microblaze_0_local_memory_dlmb_bram_if_cntlr' overflowed by 10424 bytes
collect2: error: ld returned 1 exit status
make: *** [tetris_test.elf] Error 1
01:10:40 **** Clean-only build of configuration Debug for project tetris_test ****
make clean 
rm -rf  ./src/platform.o ./src/tetris.o  ./src/platform.d ./src/tetris.d  tetris_test.elf.size  tetris_test.elf
 
01:10:40 **** Clean-only build of project tetris_test_bsp ****
make -k clean 
rm -f microblaze_0/lib/libxil.a
01:10:40 **** Build of project tetris_test_bsp ****
make -k all 
cp -f microblaze_0/lib/libxil_init.a microblaze_0/lib/libxil.a
Running Make include in microblaze_0/libsrc/bram_v4_0/src
make -C microblaze_0/libsrc/bram_v4_0/src -s include -e "SHELL=/bin/sh" "COMPILER=mb-gcc" "ARCHIVER=mb-ar" "COMPILER_FLAGS= -O2 -c -mcpu=v9.3 -mlittle-endian -mxl-soft-mul" "EXTRA_COMPILER_FLAGS=-g -ffunction-sections -fdata-sections"
Running Make include in microblaze_0/libsrc/cpu_v2_0/src
make -C microblaze_0/libsrc/cpu_v2_0/src -s include -e "SHELL=/bin/sh" "COMPILER=mb-gcc" "ARCHIVER=mb-ar" "COMPILER_FLAGS= -O2 -c -mcpu=v9.3 -mlittle-endian -mxl-soft-mul" "EXTRA_COMPILER_FLAGS=-g -ffunction-sections -fdata-sections"
Running Make include in microblaze_0/libsrc/intc_v3_0/src
make -C microblaze_0/libsrc/intc_v3_0/src -s include -e "SHELL=/bin/sh" "COMPILER=mb-gcc" "ARCHIVER=mb-ar" "COMPILER_FLAGS= -O2 -c -mcpu=v9.3 -mlittle-endian -mxl-soft-mul" "EXTRA_COMPILER_FLAGS=-g -ffunction-sections -fdata-sections"
Running Make include in microblaze_0/libsrc/standalone_v4_0/src
make -C microblaze_0/libsrc/standalone_v4_0/src -s include -e "SHELL=/bin/sh" "COMPILER=mb-gcc" "ARCHIVER=mb-ar" "COMPILER_FLAGS= -O2 -c -mcpu=v9.3 -mlittle-endian -mxl-soft-mul" "EXTRA_COMPILER_FLAGS=-g -ffunction-sections -fdata-sections"
make[2]: Entering directory `/home/derek/Documents/year_4/ECE532/git/ece352/designs/tetris_test/tetris_test.sdk/SDK/SDK_Export/tetris_test_bsp/microblaze_0/libsrc/standalone_v4_0/src/profile'
cp -rf profile.h mblaze_nt_types.h _profile_timer_hw.h ../../../../include
make[2]: Leaving directory `/home/derek/Documents/year_4/ECE532/git/ece352/designs/tetris_test/tetris_test.sdk/SDK/SDK_Export/tetris_test_bsp/microblaze_0/libsrc/standalone_v4_0/src/profile'
Running Make include in microblaze_0/libsrc/uartlite_v3_0/src
make -C microblaze_0/libsrc/uartlite_v3_0/src -s include -e "SHELL=/bin/sh" "COMPILER=mb-gcc" "ARCHIVER=mb-ar" "COMPILER_FLAGS= -O2 -c -mcpu=v9.3 -mlittle-endian -mxl-soft-mul" "EXTRA_COMPILER_FLAGS=-g -ffunction-sections -fdata-sections"
Running Make libs in microblaze_0/libsrc/bram_v4_0/src
make -C microblaze_0/libsrc/bram_v4_0/src -s libs -e "SHELL=/bin/sh" "COMPILER=mb-gcc" "ARCHIVER=mb-ar" "COMPILER_FLAGS= -O2 -c -mcpu=v9.3 -mlittle-endian -mxl-soft-mul" "EXTRA_COMPILER_FLAGS=-g -ffunction-sections -fdata-sections"
Compiling bram
make[2]: Entering directory `/home/derek/Documents/year_4/ECE532/git/ece352/designs/tetris_test/tetris_test.sdk/SDK/SDK_Export/tetris_test_bsp/microblaze_0/libsrc/bram_v4_0/src'
rm -rf *.o 
make[2]: Leaving directory `/home/derek/Documents/year_4/ECE532/git/ece352/designs/tetris_test/tetris_test.sdk/SDK/SDK_Export/tetris_test_bsp/microblaze_0/libsrc/bram_v4_0/src'
Running Make libs in microblaze_0/libsrc/cpu_v2_0/src
make -C microblaze_0/libsrc/cpu_v2_0/src -s libs -e "SHELL=/bin/sh" "COMPILER=mb-gcc" "ARCHIVER=mb-ar" "COMPILER_FLAGS= -O2 -c -mcpu=v9.3 -mlittle-endian -mxl-soft-mul" "EXTRA_COMPILER_FLAGS=-g -ffunction-sections -fdata-sections"
Compiling cpu
make[2]: Entering directory `/home/derek/Documents/year_4/ECE532/git/ece352/designs/tetris_test/tetris_test.sdk/SDK/SDK_Export/tetris_test_bsp/microblaze_0/libsrc/cpu_v2_0/src'
rm -rf *.o
make[2]: Leaving directory `/home/derek/Documents/year_4/ECE532/git/ece352/designs/tetris_test/tetris_test.sdk/SDK/SDK_Export/tetris_test_bsp/microblaze_0/libsrc/cpu_v2_0/src'
Running Make libs in microblaze_0/libsrc/intc_v3_0/src
make -C microblaze_0/libsrc/intc_v3_0/src -s libs -e "SHELL=/bin/sh" "COMPILER=mb-gcc" "ARCHIVER=mb-ar" "COMPILER_FLAGS= -O2 -c -mcpu=v9.3 -mlittle-endian -mxl-soft-mul" "EXTRA_COMPILER_FLAGS=-g -ffunction-sections -fdata-sections"
Compiling intc
make[2]: Entering directory `/home/derek/Documents/year_4/ECE532/git/ece352/designs/tetris_test/tetris_test.sdk/SDK/SDK_Export/tetris_test_bsp/microblaze_0/libsrc/intc_v3_0/src'
rm -rf *.o 
make[2]: Leaving directory `/home/derek/Documents/year_4/ECE532/git/ece352/designs/tetris_test/tetris_test.sdk/SDK/SDK_Export/tetris_test_bsp/microblaze_0/libsrc/intc_v3_0/src'
Running Make libs in microblaze_0/libsrc/standalone_v4_0/src
make -C microblaze_0/libsrc/standalone_v4_0/src -s libs -e "SHELL=/bin/sh" "COMPILER=mb-gcc" "ARCHIVER=mb-ar" "COMPILER_FLAGS= -O2 -c -mcpu=v9.3 -mlittle-endian -mxl-soft-mul" "EXTRA_COMPILER_FLAGS=-g -ffunction-sections -fdata-sections"
Compiling standalone
Running Make libs in microblaze_0/libsrc/uartlite_v3_0/src
make -C microblaze_0/libsrc/uartlite_v3_0/src -s libs -e "SHELL=/bin/sh" "COMPILER=mb-gcc" "ARCHIVER=mb-ar" "COMPILER_FLAGS= -O2 -c -mcpu=v9.3 -mlittle-endian -mxl-soft-mul" "EXTRA_COMPILER_FLAGS=-g -ffunction-sections -fdata-sections"
Compiling uartlite
make[2]: Entering directory `/home/derek/Documents/year_4/ECE532/git/ece352/designs/tetris_test/tetris_test.sdk/SDK/SDK_Export/tetris_test_bsp/microblaze_0/libsrc/uartlite_v3_0/src'
rm -rf *.o 
make[2]: Leaving directory `/home/derek/Documents/year_4/ECE532/git/ece352/designs/tetris_test/tetris_test.sdk/SDK/SDK_Export/tetris_test_bsp/microblaze_0/libsrc/uartlite_v3_0/src'
Finished building libraries
01:10:42 **** Build of configuration Debug for project tetris_test ****
make all 
Building file: ../src/platform.c
Invoking: MicroBlaze gcc compiler
mb-gcc -Wall -O0 -g3 -c -fmessage-length=0 -I../../tetris_test_bsp/microblaze_0/include -mlittle-endian -mcpu=v9.3 -mxl-soft-mul -Wl,--no-relax -ffunction-sections -fdata-sections -MMD -MP -MF"src/platform.d" -MT"src/platform.d" -o "src/platform.o" "../src/platform.c"
Finished building: ../src/platform.c
 
Building file: ../src/tetris.c
Invoking: MicroBlaze gcc compiler
mb-gcc -Wall -O0 -g3 -c -fmessage-length=0 -I../../tetris_test_bsp/microblaze_0/include -mlittle-endian -mcpu=v9.3 -mxl-soft-mul -Wl,--no-relax -ffunction-sections -fdata-sections -MMD -MP -MF"src/tetris.d" -MT"src/tetris.d" -o "src/tetris.o" "../src/tetris.c"
Finished building: ../src/tetris.c
 
Building target: tetris_test.elf
Invoking: MicroBlaze gcc linker
mb-gcc -Wl,-T -Wl,../src/lscript.ld -L../../tetris_test_bsp/microblaze_0/lib -mlittle-endian -mcpu=v9.3 -mxl-soft-mul -Wl,--no-relax -Wl,--gc-sections -o "tetris_test.elf"  ./src/platform.o ./src/tetris.o   -Wl,--start-group,-lxil,-lgcc,-lc,--end-group
/home/derek/Xilinx/SDK/2014.1/gnu/microblaze/lin/bin/../lib/gcc/microblaze-xilinx-elf/4.8.3/../../../../microblaze-xilinx-elf/bin/ld: tetris_test.elf section `.text' will not fit in region `microblaze_0_local_memory_ilmb_bram_if_cntlr_microblaze_0_local_memory_dlmb_bram_if_cntlr'
/home/derek/Xilinx/SDK/2014.1/gnu/microblaze/lin/bin/../lib/gcc/microblaze-xilinx-elf/4.8.3/../../../../microblaze-xilinx-elf/bin/ld: region `microblaze_0_local_memory_ilmb_bram_if_cntlr_microblaze_0_local_memory_dlmb_bram_if_cntlr' overflowed by 10424 bytes
collect2: error: ld returned 1 exit status
make: *** [tetris_test.elf] Error 1
01:15:47 **** Auto Build of project tetris_test_bsp ****
make -k all 
Running Make include in microblaze_0/libsrc/bram_v4_0/src
make -C microblaze_0/libsrc/bram_v4_0/src -s include -e "SHELL=/bin/sh" "COMPILER=mb-gcc" "ARCHIVER=mb-ar" "COMPILER_FLAGS= -O2 -c -mcpu=v9.3 -mlittle-endian -mxl-soft-mul" "EXTRA_COMPILER_FLAGS=-g -ffunction-sections -fdata-sections"
Running Make include in microblaze_0/libsrc/cpu_v2_0/src
make -C microblaze_0/libsrc/cpu_v2_0/src -s include -e "SHELL=/bin/sh" "COMPILER=mb-gcc" "ARCHIVER=mb-ar" "COMPILER_FLAGS= -O2 -c -mcpu=v9.3 -mlittle-endian -mxl-soft-mul" "EXTRA_COMPILER_FLAGS=-g -ffunction-sections -fdata-sections"
Running Make include in microblaze_0/libsrc/intc_v3_0/src
make -C microblaze_0/libsrc/intc_v3_0/src -s include -e "SHELL=/bin/sh" "COMPILER=mb-gcc" "ARCHIVER=mb-ar" "COMPILER_FLAGS= -O2 -c -mcpu=v9.3 -mlittle-endian -mxl-soft-mul" "EXTRA_COMPILER_FLAGS=-g -ffunction-sections -fdata-sections"
Running Make include in microblaze_0/libsrc/standalone_v4_0/src
make -C microblaze_0/libsrc/standalone_v4_0/src -s include -e "SHELL=/bin/sh" "COMPILER=mb-gcc" "ARCHIVER=mb-ar" "COMPILER_FLAGS= -O2 -c -mcpu=v9.3 -mlittle-endian -mxl-soft-mul" "EXTRA_COMPILER_FLAGS=-g -ffunction-sections -fdata-sections"
make[2]: Entering directory `/home/derek/Documents/year_4/ECE532/git/ece352/designs/tetris_test/tetris_test.sdk/SDK/SDK_Export/tetris_test_bsp/microblaze_0/libsrc/standalone_v4_0/src/profile'
cp -rf profile.h mblaze_nt_types.h _profile_timer_hw.h ../../../../include
make[2]: Leaving directory `/home/derek/Documents/year_4/ECE532/git/ece352/designs/tetris_test/tetris_test.sdk/SDK/SDK_Export/tetris_test_bsp/microblaze_0/libsrc/standalone_v4_0/src/profile'
Running Make include in microblaze_0/libsrc/uartlite_v3_0/src
make -C microblaze_0/libsrc/uartlite_v3_0/src -s include -e "SHELL=/bin/sh" "COMPILER=mb-gcc" "ARCHIVER=mb-ar" "COMPILER_FLAGS= -O2 -c -mcpu=v9.3 -mlittle-endian -mxl-soft-mul" "EXTRA_COMPILER_FLAGS=-g -ffunction-sections -fdata-sections"
Running Make libs in microblaze_0/libsrc/bram_v4_0/src
make -C microblaze_0/libsrc/bram_v4_0/src -s libs -e "SHELL=/bin/sh" "COMPILER=mb-gcc" "ARCHIVER=mb-ar" "COMPILER_FLAGS= -O2 -c -mcpu=v9.3 -mlittle-endian -mxl-soft-mul" "EXTRA_COMPILER_FLAGS=-g -ffunction-sections -fdata-sections"
Compiling bram
make[2]: Entering directory `/home/derek/Documents/year_4/ECE532/git/ece352/designs/tetris_test/tetris_test.sdk/SDK/SDK_Export/tetris_test_bsp/microblaze_0/libsrc/bram_v4_0/src'
rm -rf *.o 
make[2]: Leaving directory `/home/derek/Documents/year_4/ECE532/git/ece352/designs/tetris_test/tetris_test.sdk/SDK/SDK_Export/tetris_test_bsp/microblaze_0/libsrc/bram_v4_0/src'
Running Make libs in microblaze_0/libsrc/cpu_v2_0/src
make -C microblaze_0/libsrc/cpu_v2_0/src -s libs -e "SHELL=/bin/sh" "COMPILER=mb-gcc" "ARCHIVER=mb-ar" "COMPILER_FLAGS= -O2 -c -mcpu=v9.3 -mlittle-endian -mxl-soft-mul" "EXTRA_COMPILER_FLAGS=-g -ffunction-sections -fdata-sections"
Compiling cpu
make[2]: Entering directory `/home/derek/Documents/year_4/ECE532/git/ece352/designs/tetris_test/tetris_test.sdk/SDK/SDK_Export/tetris_test_bsp/microblaze_0/libsrc/cpu_v2_0/src'
rm -rf *.o
make[2]: Leaving directory `/home/derek/Documents/year_4/ECE532/git/ece352/designs/tetris_test/tetris_test.sdk/SDK/SDK_Export/tetris_test_bsp/microblaze_0/libsrc/cpu_v2_0/src'
Running Make libs in microblaze_0/libsrc/intc_v3_0/src
make -C microblaze_0/libsrc/intc_v3_0/src -s libs -e "SHELL=/bin/sh" "COMPILER=mb-gcc" "ARCHIVER=mb-ar" "COMPILER_FLAGS= -O2 -c -mcpu=v9.3 -mlittle-endian -mxl-soft-mul" "EXTRA_COMPILER_FLAGS=-g -ffunction-sections -fdata-sections"
Compiling intc
make[2]: Entering directory `/home/derek/Documents/year_4/ECE532/git/ece352/designs/tetris_test/tetris_test.sdk/SDK/SDK_Export/tetris_test_bsp/microblaze_0/libsrc/intc_v3_0/src'
rm -rf *.o 
make[2]: Leaving directory `/home/derek/Documents/year_4/ECE532/git/ece352/designs/tetris_test/tetris_test.sdk/SDK/SDK_Export/tetris_test_bsp/microblaze_0/libsrc/intc_v3_0/src'
Running Make libs in microblaze_0/libsrc/standalone_v4_0/src
make -C microblaze_0/libsrc/standalone_v4_0/src -s libs -e "SHELL=/bin/sh" "COMPILER=mb-gcc" "ARCHIVER=mb-ar" "COMPILER_FLAGS= -O2 -c -mcpu=v9.3 -mlittle-endian -mxl-soft-mul" "EXTRA_COMPILER_FLAGS=-g -ffunction-sections -fdata-sections"
Compiling standalone
Running Make libs in microblaze_0/libsrc/uartlite_v3_0/src
make -C microblaze_0/libsrc/uartlite_v3_0/src -s libs -e "SHELL=/bin/sh" "COMPILER=mb-gcc" "ARCHIVER=mb-ar" "COMPILER_FLAGS= -O2 -c -mcpu=v9.3 -mlittle-endian -mxl-soft-mul" "EXTRA_COMPILER_FLAGS=-g -ffunction-sections -fdata-sections"
Compiling uartlite
make[2]: Entering directory `/home/derek/Documents/year_4/ECE532/git/ece352/designs/tetris_test/tetris_test.sdk/SDK/SDK_Export/tetris_test_bsp/microblaze_0/libsrc/uartlite_v3_0/src'
rm -rf *.o 
make[2]: Leaving directory `/home/derek/Documents/year_4/ECE532/git/ece352/designs/tetris_test/tetris_test.sdk/SDK/SDK_Export/tetris_test_bsp/microblaze_0/libsrc/uartlite_v3_0/src'
Finished building libraries
01:15:49 **** Auto Build of configuration Debug for project tetris_test ****
make all 
Building target: tetris_test.elf
Invoking: MicroBlaze gcc linker
mb-gcc -Wl,-T -Wl,../src/lscript.ld -L../../tetris_test_bsp/microblaze_0/lib -mlittle-endian -mcpu=v9.3 -mxl-soft-mul -Wl,--no-relax -Wl,--gc-sections -o "tetris_test.elf"  ./src/platform.o ./src/tetris.o   -Wl,--start-group,-lxil,-lgcc,-lc,--end-group
/home/derek/Xilinx/SDK/2014.1/gnu/microblaze/lin/bin/../lib/gcc/microblaze-xilinx-elf/4.8.3/../../../../microblaze-xilinx-elf/bin/ld: tetris_test.elf section `.text' will not fit in region `microblaze_0_local_memory_ilmb_bram_if_cntlr_microblaze_0_local_memory_dlmb_bram_if_cntlr'
/home/derek/Xilinx/SDK/2014.1/gnu/microblaze/lin/bin/../lib/gcc/microblaze-xilinx-elf/4.8.3/../../../../microblaze-xilinx-elf/bin/ld: region `microblaze_0_local_memory_ilmb_bram_if_cntlr_microblaze_0_local_memory_dlmb_bram_if_cntlr' overflowed by 10424 bytes
collect2: error: ld returned 1 exit status
make: *** [tetris_test.elf] Error 1
01:18:51 **** Incremental Build of configuration Debug for project tetris_test ****
make all 
Building target: tetris_test.elf
Invoking: MicroBlaze gcc linker
mb-gcc -Wl,-T -Wl,../src/lscript.ld -L../../tetris_test_bsp/microblaze_0/lib -mlittle-endian -mcpu=v9.3 -mxl-soft-mul -Wl,--no-relax -Wl,--gc-sections -o "tetris_test.elf"  ./src/platform.o ./src/tetris.o   -Wl,--start-group,-lxil,-lgcc,-lc,--end-group
/home/derek/Xilinx/SDK/2014.1/gnu/microblaze/lin/bin/../lib/gcc/microblaze-xilinx-elf/4.8.3/../../../../microblaze-xilinx-elf/bin/ld: tetris_test.elf section `.text' will not fit in region `microblaze_0_local_memory_ilmb_bram_if_cntlr_microblaze_0_local_memory_dlmb_bram_if_cntlr'
/home/derek/Xilinx/SDK/2014.1/gnu/microblaze/lin/bin/../lib/gcc/microblaze-xilinx-elf/4.8.3/../../../../microblaze-xilinx-elf/bin/ld: region `microblaze_0_local_memory_ilmb_bram_if_cntlr_microblaze_0_local_memory_dlmb_bram_if_cntlr' overflowed by 10424 bytes
collect2: error: ld returned 1 exit status
make: *** [tetris_test.elf] Error 1
01:19:11 **** Auto Build of project tetris_test_bsp ****
make -k all 
Running Make include in microblaze_0/libsrc/bram_v4_0/src
make -C microblaze_0/libsrc/bram_v4_0/src -s include -e "SHELL=/bin/sh" "COMPILER=mb-gcc" "ARCHIVER=mb-ar" "COMPILER_FLAGS= -O2 -c -mcpu=v9.3 -mlittle-endian -mxl-soft-mul" "EXTRA_COMPILER_FLAGS=-g -ffunction-sections -fdata-sections"
Running Make include in microblaze_0/libsrc/cpu_v2_0/src
make -C microblaze_0/libsrc/cpu_v2_0/src -s include -e "SHELL=/bin/sh" "COMPILER=mb-gcc" "ARCHIVER=mb-ar" "COMPILER_FLAGS= -O2 -c -mcpu=v9.3 -mlittle-endian -mxl-soft-mul" "EXTRA_COMPILER_FLAGS=-g -ffunction-sections -fdata-sections"
Running Make include in microblaze_0/libsrc/intc_v3_0/src
make -C microblaze_0/libsrc/intc_v3_0/src -s include -e "SHELL=/bin/sh" "COMPILER=mb-gcc" "ARCHIVER=mb-ar" "COMPILER_FLAGS= -O2 -c -mcpu=v9.3 -mlittle-endian -mxl-soft-mul" "EXTRA_COMPILER_FLAGS=-g -ffunction-sections -fdata-sections"
Running Make include in microblaze_0/libsrc/standalone_v4_0/src
make -C microblaze_0/libsrc/standalone_v4_0/src -s include -e "SHELL=/bin/sh" "COMPILER=mb-gcc" "ARCHIVER=mb-ar" "COMPILER_FLAGS= -O2 -c -mcpu=v9.3 -mlittle-endian -mxl-soft-mul" "EXTRA_COMPILER_FLAGS=-g -ffunction-sections -fdata-sections"
make[2]: Entering directory `/home/derek/Documents/year_4/ECE532/git/ece352/designs/tetris_test/tetris_test.sdk/SDK/SDK_Export/tetris_test_bsp/microblaze_0/libsrc/standalone_v4_0/src/profile'
cp -rf profile.h mblaze_nt_types.h _profile_timer_hw.h ../../../../include
make[2]: Leaving directory `/home/derek/Documents/year_4/ECE532/git/ece352/designs/tetris_test/tetris_test.sdk/SDK/SDK_Export/tetris_test_bsp/microblaze_0/libsrc/standalone_v4_0/src/profile'
Running Make include in microblaze_0/libsrc/uartlite_v3_0/src
make -C microblaze_0/libsrc/uartlite_v3_0/src -s include -e "SHELL=/bin/sh" "COMPILER=mb-gcc" "ARCHIVER=mb-ar" "COMPILER_FLAGS= -O2 -c -mcpu=v9.3 -mlittle-endian -mxl-soft-mul" "EXTRA_COMPILER_FLAGS=-g -ffunction-sections -fdata-sections"
Running Make libs in microblaze_0/libsrc/bram_v4_0/src
make -C microblaze_0/libsrc/bram_v4_0/src -s libs -e "SHELL=/bin/sh" "COMPILER=mb-gcc" "ARCHIVER=mb-ar" "COMPILER_FLAGS= -O2 -c -mcpu=v9.3 -mlittle-endian -mxl-soft-mul" "EXTRA_COMPILER_FLAGS=-g -ffunction-sections -fdata-sections"
Compiling bram
make[2]: Entering directory `/home/derek/Documents/year_4/ECE532/git/ece352/designs/tetris_test/tetris_test.sdk/SDK/SDK_Export/tetris_test_bsp/microblaze_0/libsrc/bram_v4_0/src'
rm -rf *.o 
make[2]: Leaving directory `/home/derek/Documents/year_4/ECE532/git/ece352/designs/tetris_test/tetris_test.sdk/SDK/SDK_Export/tetris_test_bsp/microblaze_0/libsrc/bram_v4_0/src'
Running Make libs in microblaze_0/libsrc/cpu_v2_0/src
make -C microblaze_0/libsrc/cpu_v2_0/src -s libs -e "SHELL=/bin/sh" "COMPILER=mb-gcc" "ARCHIVER=mb-ar" "COMPILER_FLAGS= -O2 -c -mcpu=v9.3 -mlittle-endian -mxl-soft-mul" "EXTRA_COMPILER_FLAGS=-g -ffunction-sections -fdata-sections"
Compiling cpu
make[2]: Entering directory `/home/derek/Documents/year_4/ECE532/git/ece352/designs/tetris_test/tetris_test.sdk/SDK/SDK_Export/tetris_test_bsp/microblaze_0/libsrc/cpu_v2_0/src'
rm -rf *.o
make[2]: Leaving directory `/home/derek/Documents/year_4/ECE532/git/ece352/designs/tetris_test/tetris_test.sdk/SDK/SDK_Export/tetris_test_bsp/microblaze_0/libsrc/cpu_v2_0/src'
Running Make libs in microblaze_0/libsrc/intc_v3_0/src
make -C microblaze_0/libsrc/intc_v3_0/src -s libs -e "SHELL=/bin/sh" "COMPILER=mb-gcc" "ARCHIVER=mb-ar" "COMPILER_FLAGS= -O2 -c -mcpu=v9.3 -mlittle-endian -mxl-soft-mul" "EXTRA_COMPILER_FLAGS=-g -ffunction-sections -fdata-sections"
Compiling intc
make[2]: Entering directory `/home/derek/Documents/year_4/ECE532/git/ece352/designs/tetris_test/tetris_test.sdk/SDK/SDK_Export/tetris_test_bsp/microblaze_0/libsrc/intc_v3_0/src'
rm -rf *.o 
make[2]: Leaving directory `/home/derek/Documents/year_4/ECE532/git/ece352/designs/tetris_test/tetris_test.sdk/SDK/SDK_Export/tetris_test_bsp/microblaze_0/libsrc/intc_v3_0/src'
Running Make libs in microblaze_0/libsrc/standalone_v4_0/src
make -C microblaze_0/libsrc/standalone_v4_0/src -s libs -e "SHELL=/bin/sh" "COMPILER=mb-gcc" "ARCHIVER=mb-ar" "COMPILER_FLAGS= -O2 -c -mcpu=v9.3 -mlittle-endian -mxl-soft-mul" "EXTRA_COMPILER_FLAGS=-g -ffunction-sections -fdata-sections"
Compiling standalone
Running Make libs in microblaze_0/libsrc/uartlite_v3_0/src
make -C microblaze_0/libsrc/uartlite_v3_0/src -s libs -e "SHELL=/bin/sh" "COMPILER=mb-gcc" "ARCHIVER=mb-ar" "COMPILER_FLAGS= -O2 -c -mcpu=v9.3 -mlittle-endian -mxl-soft-mul" "EXTRA_COMPILER_FLAGS=-g -ffunction-sections -fdata-sections"
Compiling uartlite
make[2]: Entering directory `/home/derek/Documents/year_4/ECE532/git/ece352/designs/tetris_test/tetris_test.sdk/SDK/SDK_Export/tetris_test_bsp/microblaze_0/libsrc/uartlite_v3_0/src'
rm -rf *.o 
make[2]: Leaving directory `/home/derek/Documents/year_4/ECE532/git/ece352/designs/tetris_test/tetris_test.sdk/SDK/SDK_Export/tetris_test_bsp/microblaze_0/libsrc/uartlite_v3_0/src'
Finished building libraries
01:19:13 **** Auto Build of configuration Debug for project tetris_test ****
make all 
Building target: tetris_test.elf
Invoking: MicroBlaze gcc linker
mb-gcc -Wl,-T -Wl,../src/lscript.ld -L../../tetris_test_bsp/microblaze_0/lib -mlittle-endian -mcpu=v9.3 -mxl-soft-mul -Wl,--no-relax -Wl,--gc-sections -o "tetris_test.elf"  ./src/platform.o ./src/tetris.o   -Wl,--start-group,-lxil,-lgcc,-lc,--end-group
/home/derek/Xilinx/SDK/2014.1/gnu/microblaze/lin/bin/../lib/gcc/microblaze-xilinx-elf/4.8.3/../../../../microblaze-xilinx-elf/bin/ld: tetris_test.elf section `.text' will not fit in region `microblaze_0_local_memory_ilmb_bram_if_cntlr_microblaze_0_local_memory_dlmb_bram_if_cntlr'
/home/derek/Xilinx/SDK/2014.1/gnu/microblaze/lin/bin/../lib/gcc/microblaze-xilinx-elf/4.8.3/../../../../microblaze-xilinx-elf/bin/ld: region `microblaze_0_local_memory_ilmb_bram_if_cntlr_microblaze_0_local_memory_dlmb_bram_if_cntlr' overflowed by 10424 bytes
collect2: error: ld returned 1 exit status
make: *** [tetris_test.elf] Error 1
01:24:26 **** Clean-only build of configuration Debug for project tetris_test ****
make clean 
rm -rf  ./src/platform.o ./src/tetris.o  ./src/platform.d ./src/tetris.d  tetris_test.elf.size  tetris_test.elf
 
01:24:27 **** Auto Build of configuration Debug for project tetris_test ****
make all 
Building file: ../src/platform.c
Invoking: MicroBlaze gcc compiler
mb-gcc -Wall -O0 -g3 -c -fmessage-length=0 -I../../tetris_test_bsp/microblaze_0/include -mlittle-endian -mcpu=v9.3 -mxl-soft-mul -Wl,--no-relax -ffunction-sections -fdata-sections -MMD -MP -MF"src/platform.d" -MT"src/platform.d" -o "src/platform.o" "../src/platform.c"
Finished building: ../src/platform.c
 
Building file: ../src/tetris.c
Invoking: MicroBlaze gcc compiler
mb-gcc -Wall -O0 -g3 -c -fmessage-length=0 -I../../tetris_test_bsp/microblaze_0/include -mlittle-endian -mcpu=v9.3 -mxl-soft-mul -Wl,--no-relax -ffunction-sections -fdata-sections -MMD -MP -MF"src/tetris.d" -MT"src/tetris.d" -o "src/tetris.o" "../src/tetris.c"
Finished building: ../src/tetris.c
 
Building target: tetris_test.elf
Invoking: MicroBlaze gcc linker
mb-gcc -Wl,-T -Wl,../src/lscript.ld -L../../tetris_test_bsp/microblaze_0/lib -mlittle-endian -mcpu=v9.3 -mxl-soft-mul -Wl,--no-relax -Wl,--gc-sections -o "tetris_test.elf"  ./src/platform.o ./src/tetris.o   -Wl,--start-group,-lxil,-lgcc,-lc,--end-group
Finished building target: tetris_test.elf
 
Invoking: MicroBlaze Print Size
mb-size tetris_test.elf  |tee "tetris_test.elf.size"
   text	   data	    bss	    dec	    hex	filename
  15068	   1348	   2152	  18568	   4888	tetris_test.elf
Finished building: tetris_test.elf.size
 
01:24:50 **** Incremental Build of configuration Debug for project tetris_test ****
make all 
make: Nothing to be done for `all'.
01:25:28 **** Auto Build of configuration Debug for project tetris_test ****
make all 
Building file: ../src/tetris.c
Invoking: MicroBlaze gcc compiler
mb-gcc -Wall -O0 -g3 -c -fmessage-length=0 -I../../tetris_test_bsp/microblaze_0/include -mlittle-endian -mcpu=v9.3 -mxl-soft-mul -Wl,--no-relax -ffunction-sections -fdata-sections -MMD -MP -MF"src/tetris.d" -MT"src/tetris.d" -o "src/tetris.o" "../src/tetris.c"
Finished building: ../src/tetris.c
 
Building target: tetris_test.elf
Invoking: MicroBlaze gcc linker
mb-gcc -Wl,-T -Wl,../src/lscript.ld -L../../tetris_test_bsp/microblaze_0/lib -mlittle-endian -mcpu=v9.3 -mxl-soft-mul -Wl,--no-relax -Wl,--gc-sections -o "tetris_test.elf"  ./src/platform.o ./src/tetris.o   -Wl,--start-group,-lxil,-lgcc,-lc,--end-group
Finished building target: tetris_test.elf
 
Invoking: MicroBlaze Print Size
mb-size tetris_test.elf  |tee "tetris_test.elf.size"
   text	   data	    bss	    dec	    hex	filename
  15068	   1348	   2152	  18568	   4888	tetris_test.elf
Finished building: tetris_test.elf.size
 
01:25:31 **** Incremental Build of configuration Debug for project tetris_test ****
make all 
make: Nothing to be done for `all'.
01:25:57 **** Auto Build of configuration Debug for project tetris_test ****
make all 
Building file: ../src/tetris.c
Invoking: MicroBlaze gcc compiler
mb-gcc -Wall -O0 -g3 -c -fmessage-length=0 -I../../tetris_test_bsp/microblaze_0/include -mlittle-endian -mcpu=v9.3 -mxl-soft-mul -Wl,--no-relax -ffunction-sections -fdata-sections -MMD -MP -MF"src/tetris.d" -MT"src/tetris.d" -o "src/tetris.o" "../src/tetris.c"
Finished building: ../src/tetris.c
 
Building target: tetris_test.elf
Invoking: MicroBlaze gcc linker
mb-gcc -Wl,-T -Wl,../src/lscript.ld -L../../tetris_test_bsp/microblaze_0/lib -mlittle-endian -mcpu=v9.3 -mxl-soft-mul -Wl,--no-relax -Wl,--gc-sections -o "tetris_test.elf"  ./src/platform.o ./src/tetris.o   -Wl,--start-group,-lxil,-lgcc,-lc,--end-group
Finished building target: tetris_test.elf
 
Invoking: MicroBlaze Print Size
mb-size tetris_test.elf  |tee "tetris_test.elf.size"
   text	   data	    bss	    dec	    hex	filename
  15068	   1348	   2152	  18568	   4888	tetris_test.elf
Finished building: tetris_test.elf.size
 
01:26:02 **** Incremental Build of configuration Debug for project tetris_test ****
make all 
make: Nothing to be done for `all'.
